2014.06.12 23:49:34 org.jivesoftware.openfire.XMPPServer - Registering shutdown hook (standalone mode)
2014.06.12 23:49:34 org.jivesoftware.openfire.XMPPServer - Openfire 3.9.3 [Jun 12, 2014 11:49:34 PM]
2014.06.12 23:49:35 org.jivesoftware.util.cache.CacheFactory - Created cache [org.jivesoftware.util.cache.DefaultLocalCacheStrategy] for Favicon Misses
2014.06.12 23:49:35 org.jivesoftware.util.cache.CacheFactory - Created cache [org.jivesoftware.util.cache.DefaultLocalCacheStrategy] for Favicon Hits
2014.06.12 23:49:35 org.jivesoftware.openfire.container.AdminConsolePlugin - Admin console listening at http://ip-172-31-19-150:9090
2014.06.12 23:49:44 org.jivesoftware.util.cache.CacheFactory - Created cache [org.jivesoftware.util.cache.DefaultLocalCacheStrategy] for User
2014.06.12 23:49:44 org.jivesoftware.util.cache.CacheFactory - Created cache [org.jivesoftware.util.cache.DefaultLocalCacheStrategy] for Remote Users Existence
2014.06.13 00:06:17 org.jivesoftware.openfire.XMPPServer - Server halted
2014.06.13 00:06:20 org.jivesoftware.openfire.XMPPServer - Registering shutdown hook (standalone mode)
2014.06.13 00:06:20 org.jivesoftware.openfire.XMPPServer - Openfire 3.9.3 [Jun 13, 2014 12:06:20 AM]
2014.06.13 00:06:21 org.jivesoftware.util.cache.CacheFactory - Created cache [org.jivesoftware.util.cache.DefaultLocalCacheStrategy] for Favicon Misses
2014.06.13 00:06:21 org.jivesoftware.util.cache.CacheFactory - Created cache [org.jivesoftware.util.cache.DefaultLocalCacheStrategy] for Favicon Hits
2014.06.13 00:06:21 org.jivesoftware.openfire.container.AdminConsolePlugin - Admin console listening at http://ip-172-31-19-150:9090
2014.06.13 00:06:41 org.jivesoftware.util.cache.CacheFactory - Created cache [org.jivesoftware.util.cache.DefaultLocalCacheStrategy] for User
2014.06.13 00:06:41 org.jivesoftware.util.cache.CacheFactory - Created cache [org.jivesoftware.util.cache.DefaultLocalCacheStrategy] for Remote Users Existence
2014.06.13 00:14:49 org.jivesoftware.database.DbConnectionManager - Unable to get a connection from the database pool (attempt 0 out of 10).
com.mysql.jdbc.exceptions.jdbc4.CommunicationsException: Communications link failure

The last packet sent successfully to the server was 0 milliseconds ago. The driver has not received any packets from the server.
	at sun.reflect.NativeConstructorAccessorImpl.newInstance0(Native Method)
	at sun.reflect.NativeConstructorAccessorImpl.newInstance(NativeConstructorAccessorImpl.java:57)
	at sun.reflect.DelegatingConstructorAccessorImpl.newInstance(DelegatingConstructorAccessorImpl.java:45)
	at java.lang.reflect.Constructor.newInstance(Constructor.java:526)
	at com.mysql.jdbc.Util.handleNewInstance(Util.java:409)
	at com.mysql.jdbc.SQLError.createCommunicationsException(SQLError.java:1127)
	at com.mysql.jdbc.MysqlIO.<init>(MysqlIO.java:356)
	at com.mysql.jdbc.ConnectionImpl.coreConnect(ConnectionImpl.java:2502)
	at com.mysql.jdbc.ConnectionImpl.connectOneTryOnly(ConnectionImpl.java:2539)
	at com.mysql.jdbc.ConnectionImpl.createNewIO(ConnectionImpl.java:2321)
	at com.mysql.jdbc.ConnectionImpl.<init>(ConnectionImpl.java:832)
	at com.mysql.jdbc.JDBC4Connection.<init>(JDBC4Connection.java:46)
	at sun.reflect.NativeConstructorAccessorImpl.newInstance0(Native Method)
	at sun.reflect.NativeConstructorAccessorImpl.newInstance(NativeConstructorAccessorImpl.java:57)
	at sun.reflect.DelegatingConstructorAccessorImpl.newInstance(DelegatingConstructorAccessorImpl.java:45)
	at java.lang.reflect.Constructor.newInstance(Constructor.java:526)
	at com.mysql.jdbc.Util.handleNewInstance(Util.java:409)
	at com.mysql.jdbc.ConnectionImpl.getInstance(ConnectionImpl.java:417)
	at com.mysql.jdbc.NonRegisteringDriver.connect(NonRegisteringDriver.java:344)
	at java.sql.DriverManager.getConnection(DriverManager.java:571)
	at java.sql.DriverManager.getConnection(DriverManager.java:187)
	at org.logicalcobwebs.proxool.DefaultConnectionBuilder.buildConnection(DefaultConnectionBuilder.java:39)
	at org.logicalcobwebs.proxool.Prototyper.buildConnection(Prototyper.java:159)
	at org.logicalcobwebs.proxool.ConnectionPool.getConnection(ConnectionPool.java:211)
	at org.logicalcobwebs.proxool.ProxoolDriver.connect(ProxoolDriver.java:89)
	at java.sql.DriverManager.getConnection(DriverManager.java:571)
	at java.sql.DriverManager.getConnection(DriverManager.java:187)
	at org.jivesoftware.database.DefaultConnectionProvider.getConnection(DefaultConnectionProvider.java:86)
	at org.jivesoftware.database.DbConnectionManager.getConnection(DbConnectionManager.java:124)
	at org.jivesoftware.openfire.admin.setup.setup_002ddatasource_002dstandard_jsp.testConnection(setup_002ddatasource_002dstandard_jsp.java:35)
	at org.jivesoftware.openfire.admin.setup.setup_002ddatasource_002dstandard_jsp._jspService(setup_002ddatasource_002dstandard_jsp.java:207)
	at org.apache.jasper.runtime.HttpJspBase.service(HttpJspBase.java:97)
	at javax.servlet.http.HttpServlet.service(HttpServlet.java:820)
	at org.eclipse.jetty.servlet.ServletHolder.handle(ServletHolder.java:547)
	at org.eclipse.jetty.servlet.ServletHandler$CachedChain.doFilter(ServletHandler.java:1359)
	at com.opensymphony.module.sitemesh.filter.PageFilter.parsePage(PageFilter.java:118)
	at com.opensymphony.module.sitemesh.filter.PageFilter.doFilter(PageFilter.java:52)
	at org.eclipse.jetty.servlet.ServletHandler$CachedChain.doFilter(ServletHandler.java:1330)
	at org.jivesoftware.util.LocaleFilter.doFilter(LocaleFilter.java:74)
	at org.eclipse.jetty.servlet.ServletHandler$CachedChain.doFilter(ServletHandler.java:1330)
	at org.jivesoftware.util.SetCharacterEncodingFilter.doFilter(SetCharacterEncodingFilter.java:50)
	at org.eclipse.jetty.servlet.ServletHandler$CachedChain.doFilter(ServletHandler.java:1330)
	at org.jivesoftware.admin.PluginFilter.doFilter(PluginFilter.java:78)
	at org.eclipse.jetty.servlet.ServletHandler$CachedChain.doFilter(ServletHandler.java:1330)
	at org.jivesoftware.admin.AuthCheckFilter.doFilter(AuthCheckFilter.java:164)
	at org.eclipse.jetty.servlet.ServletHandler$CachedChain.doFilter(ServletHandler.java:1330)
	at org.eclipse.jetty.servlet.ServletHandler.doHandle(ServletHandler.java:478)
	at org.eclipse.jetty.server.handler.ScopedHandler.handle(ScopedHandler.java:119)
	at org.eclipse.jetty.security.SecurityHandler.handle(SecurityHandler.java:520)
	at org.eclipse.jetty.server.session.SessionHandler.doHandle(SessionHandler.java:227)
	at org.eclipse.jetty.server.handler.ContextHandler.doHandle(ContextHandler.java:941)
	at org.eclipse.jetty.servlet.ServletHandler.doScope(ServletHandler.java:409)
	at org.eclipse.jetty.server.session.SessionHandler.doScope(SessionHandler.java:186)
	at org.eclipse.jetty.server.handler.ContextHandler.doScope(ContextHandler.java:875)
	at org.eclipse.jetty.server.handler.ScopedHandler.handle(ScopedHandler.java:117)
	at org.eclipse.jetty.server.handler.ContextHandlerCollection.handle(ContextHandlerCollection.java:250)
	at org.eclipse.jetty.server.handler.HandlerCollection.handle(HandlerCollection.java:149)
	at org.eclipse.jetty.server.handler.HandlerWrapper.handle(HandlerWrapper.java:110)
	at org.eclipse.jetty.server.Server.handle(Server.java:349)
	at org.eclipse.jetty.server.HttpConnection.handleRequest(HttpConnection.java:441)
	at org.eclipse.jetty.server.HttpConnection$RequestHandler.content(HttpConnection.java:936)
	at org.eclipse.jetty.http.HttpParser.parseNext(HttpParser.java:801)
	at org.eclipse.jetty.http.HttpParser.parseAvailable(HttpParser.java:224)
	at org.eclipse.jetty.server.AsyncHttpConnection.handle(AsyncHttpConnection.java:51)
	at org.eclipse.jetty.io.nio.SelectChannelEndPoint.handle(SelectChannelEndPoint.java:586)
	at org.eclipse.jetty.io.nio.SelectChannelEndPoint$1.run(SelectChannelEndPoint.java:44)
	at org.eclipse.jetty.util.thread.QueuedThreadPool.runJob(QueuedThreadPool.java:598)
	at org.eclipse.jetty.util.thread.QueuedThreadPool$3.run(QueuedThreadPool.java:533)
	at java.lang.Thread.run(Thread.java:744)
Caused by: java.net.UnknownHostException: [host-name]
	at java.net.InetAddress.getAllByName(InetAddress.java:1160)
	at java.net.InetAddress.getAllByName(InetAddress.java:1098)
	at com.mysql.jdbc.StandardSocketFactory.connect(StandardSocketFactory.java:250)
	at com.mysql.jdbc.MysqlIO.<init>(MysqlIO.java:306)
	... 62 more
2014.06.13 00:14:49 org.jivesoftware.database.DbConnectionManager - Unable to get a connection from the database pool (attempt 1 out of 10).
com.mysql.jdbc.exceptions.jdbc4.CommunicationsException: Communications link failure

The last packet sent successfully to the server was 0 milliseconds ago. The driver has not received any packets from the server.
	at sun.reflect.NativeConstructorAccessorImpl.newInstance0(Native Method)
	at sun.reflect.NativeConstructorAccessorImpl.newInstance(NativeConstructorAccessorImpl.java:57)
	at sun.reflect.DelegatingConstructorAccessorImpl.newInstance(DelegatingConstructorAccessorImpl.java:45)
	at java.lang.reflect.Constructor.newInstance(Constructor.java:526)
	at com.mysql.jdbc.Util.handleNewInstance(Util.java:409)
	at com.mysql.jdbc.SQLError.createCommunicationsException(SQLError.java:1127)
	at com.mysql.jdbc.MysqlIO.<init>(MysqlIO.java:356)
	at com.mysql.jdbc.ConnectionImpl.coreConnect(ConnectionImpl.java:2502)
	at com.mysql.jdbc.ConnectionImpl.connectOneTryOnly(ConnectionImpl.java:2539)
	at com.mysql.jdbc.ConnectionImpl.createNewIO(ConnectionImpl.java:2321)
	at com.mysql.jdbc.ConnectionImpl.<init>(ConnectionImpl.java:832)
	at com.mysql.jdbc.JDBC4Connection.<init>(JDBC4Connection.java:46)
	at sun.reflect.NativeConstructorAccessorImpl.newInstance0(Native Method)
	at sun.reflect.NativeConstructorAccessorImpl.newInstance(NativeConstructorAccessorImpl.java:57)
	at sun.reflect.DelegatingConstructorAccessorImpl.newInstance(DelegatingConstructorAccessorImpl.java:45)
	at java.lang.reflect.Constructor.newInstance(Constructor.java:526)
	at com.mysql.jdbc.Util.handleNewInstance(Util.java:409)
	at com.mysql.jdbc.ConnectionImpl.getInstance(ConnectionImpl.java:417)
	at com.mysql.jdbc.NonRegisteringDriver.connect(NonRegisteringDriver.java:344)
	at java.sql.DriverManager.getConnection(DriverManager.java:571)
	at java.sql.DriverManager.getConnection(DriverManager.java:187)
	at org.logicalcobwebs.proxool.DefaultConnectionBuilder.buildConnection(DefaultConnectionBuilder.java:39)
	at org.logicalcobwebs.proxool.Prototyper.buildConnection(Prototyper.java:159)
	at org.logicalcobwebs.proxool.ConnectionPool.getConnection(ConnectionPool.java:211)
	at org.logicalcobwebs.proxool.ProxoolDriver.connect(ProxoolDriver.java:89)
	at java.sql.DriverManager.getConnection(DriverManager.java:571)
	at java.sql.DriverManager.getConnection(DriverManager.java:187)
	at org.jivesoftware.database.DefaultConnectionProvider.getConnection(DefaultConnectionProvider.java:86)
	at org.jivesoftware.database.DbConnectionManager.getConnection(DbConnectionManager.java:124)
	at org.jivesoftware.openfire.admin.setup.setup_002ddatasource_002dstandard_jsp.testConnection(setup_002ddatasource_002dstandard_jsp.java:35)
	at org.jivesoftware.openfire.admin.setup.setup_002ddatasource_002dstandard_jsp._jspService(setup_002ddatasource_002dstandard_jsp.java:207)
	at org.apache.jasper.runtime.HttpJspBase.service(HttpJspBase.java:97)
	at javax.servlet.http.HttpServlet.service(HttpServlet.java:820)
	at org.eclipse.jetty.servlet.ServletHolder.handle(ServletHolder.java:547)
	at org.eclipse.jetty.servlet.ServletHandler$CachedChain.doFilter(ServletHandler.java:1359)
	at com.opensymphony.module.sitemesh.filter.PageFilter.parsePage(PageFilter.java:118)
	at com.opensymphony.module.sitemesh.filter.PageFilter.doFilter(PageFilter.java:52)
	at org.eclipse.jetty.servlet.ServletHandler$CachedChain.doFilter(ServletHandler.java:1330)
	at org.jivesoftware.util.LocaleFilter.doFilter(LocaleFilter.java:74)
	at org.eclipse.jetty.servlet.ServletHandler$CachedChain.doFilter(ServletHandler.java:1330)
	at org.jivesoftware.util.SetCharacterEncodingFilter.doFilter(SetCharacterEncodingFilter.java:50)
	at org.eclipse.jetty.servlet.ServletHandler$CachedChain.doFilter(ServletHandler.java:1330)
	at org.jivesoftware.admin.PluginFilter.doFilter(PluginFilter.java:78)
	at org.eclipse.jetty.servlet.ServletHandler$CachedChain.doFilter(ServletHandler.java:1330)
	at org.jivesoftware.admin.AuthCheckFilter.doFilter(AuthCheckFilter.java:164)
	at org.eclipse.jetty.servlet.ServletHandler$CachedChain.doFilter(ServletHandler.java:1330)
	at org.eclipse.jetty.servlet.ServletHandler.doHandle(ServletHandler.java:478)
	at org.eclipse.jetty.server.handler.ScopedHandler.handle(ScopedHandler.java:119)
	at org.eclipse.jetty.security.SecurityHandler.handle(SecurityHandler.java:520)
	at org.eclipse.jetty.server.session.SessionHandler.doHandle(SessionHandler.java:227)
	at org.eclipse.jetty.server.handler.ContextHandler.doHandle(ContextHandler.java:941)
	at org.eclipse.jetty.servlet.ServletHandler.doScope(ServletHandler.java:409)
	at org.eclipse.jetty.server.session.SessionHandler.doScope(SessionHandler.java:186)
	at org.eclipse.jetty.server.handler.ContextHandler.doScope(ContextHandler.java:875)
	at org.eclipse.jetty.server.handler.ScopedHandler.handle(ScopedHandler.java:117)
	at org.eclipse.jetty.server.handler.ContextHandlerCollection.handle(ContextHandlerCollection.java:250)
	at org.eclipse.jetty.server.handler.HandlerCollection.handle(HandlerCollection.java:149)
	at org.eclipse.jetty.server.handler.HandlerWrapper.handle(HandlerWrapper.java:110)
	at org.eclipse.jetty.server.Server.handle(Server.java:349)
	at org.eclipse.jetty.server.HttpConnection.handleRequest(HttpConnection.java:441)
	at org.eclipse.jetty.server.HttpConnection$RequestHandler.content(HttpConnection.java:936)
	at org.eclipse.jetty.http.HttpParser.parseNext(HttpParser.java:801)
	at org.eclipse.jetty.http.HttpParser.parseAvailable(HttpParser.java:224)
	at org.eclipse.jetty.server.AsyncHttpConnection.handle(AsyncHttpConnection.java:51)
	at org.eclipse.jetty.io.nio.SelectChannelEndPoint.handle(SelectChannelEndPoint.java:586)
	at org.eclipse.jetty.io.nio.SelectChannelEndPoint$1.run(SelectChannelEndPoint.java:44)
	at org.eclipse.jetty.util.thread.QueuedThreadPool.runJob(QueuedThreadPool.java:598)
	at org.eclipse.jetty.util.thread.QueuedThreadPool$3.run(QueuedThreadPool.java:533)
	at java.lang.Thread.run(Thread.java:744)
Caused by: java.net.UnknownHostException: [host-name]
	at java.net.InetAddress.getAllByName(InetAddress.java:1160)
	at java.net.InetAddress.getAllByName(InetAddress.java:1098)
	at com.mysql.jdbc.StandardSocketFactory.connect(StandardSocketFactory.java:250)
	at com.mysql.jdbc.MysqlIO.<init>(MysqlIO.java:306)
	... 62 more
2014.06.13 00:14:50 org.jivesoftware.database.DbConnectionManager - Unable to get a connection from the database pool (attempt 2 out of 10).
com.mysql.jdbc.exceptions.jdbc4.CommunicationsException: Communications link failure

The last packet sent successfully to the server was 0 milliseconds ago. The driver has not received any packets from the server.
	at sun.reflect.NativeConstructorAccessorImpl.newInstance0(Native Method)
	at sun.reflect.NativeConstructorAccessorImpl.newInstance(NativeConstructorAccessorImpl.java:57)
	at sun.reflect.DelegatingConstructorAccessorImpl.newInstance(DelegatingConstructorAccessorImpl.java:45)
	at java.lang.reflect.Constructor.newInstance(Constructor.java:526)
	at com.mysql.jdbc.Util.handleNewInstance(Util.java:409)
	at com.mysql.jdbc.SQLError.createCommunicationsException(SQLError.java:1127)
	at com.mysql.jdbc.MysqlIO.<init>(MysqlIO.java:356)
	at com.mysql.jdbc.ConnectionImpl.coreConnect(ConnectionImpl.java:2502)
	at com.mysql.jdbc.ConnectionImpl.connectOneTryOnly(ConnectionImpl.java:2539)
	at com.mysql.jdbc.ConnectionImpl.createNewIO(ConnectionImpl.java:2321)
	at com.mysql.jdbc.ConnectionImpl.<init>(ConnectionImpl.java:832)
	at com.mysql.jdbc.JDBC4Connection.<init>(JDBC4Connection.java:46)
	at sun.reflect.NativeConstructorAccessorImpl.newInstance0(Native Method)
	at sun.reflect.NativeConstructorAccessorImpl.newInstance(NativeConstructorAccessorImpl.java:57)
	at sun.reflect.DelegatingConstructorAccessorImpl.newInstance(DelegatingConstructorAccessorImpl.java:45)
	at java.lang.reflect.Constructor.newInstance(Constructor.java:526)
	at com.mysql.jdbc.Util.handleNewInstance(Util.java:409)
	at com.mysql.jdbc.ConnectionImpl.getInstance(ConnectionImpl.java:417)
	at com.mysql.jdbc.NonRegisteringDriver.connect(NonRegisteringDriver.java:344)
	at java.sql.DriverManager.getConnection(DriverManager.java:571)
	at java.sql.DriverManager.getConnection(DriverManager.java:187)
	at org.logicalcobwebs.proxool.DefaultConnectionBuilder.buildConnection(DefaultConnectionBuilder.java:39)
	at org.logicalcobwebs.proxool.Prototyper.buildConnection(Prototyper.java:159)
	at org.logicalcobwebs.proxool.ConnectionPool.getConnection(ConnectionPool.java:211)
	at org.logicalcobwebs.proxool.ProxoolDriver.connect(ProxoolDriver.java:89)
	at java.sql.DriverManager.getConnection(DriverManager.java:571)
	at java.sql.DriverManager.getConnection(DriverManager.java:187)
	at org.jivesoftware.database.DefaultConnectionProvider.getConnection(DefaultConnectionProvider.java:86)
	at org.jivesoftware.database.DbConnectionManager.getConnection(DbConnectionManager.java:124)
	at org.jivesoftware.openfire.admin.setup.setup_002ddatasource_002dstandard_jsp.testConnection(setup_002ddatasource_002dstandard_jsp.java:35)
	at org.jivesoftware.openfire.admin.setup.setup_002ddatasource_002dstandard_jsp._jspService(setup_002ddatasource_002dstandard_jsp.java:207)
	at org.apache.jasper.runtime.HttpJspBase.service(HttpJspBase.java:97)
	at javax.servlet.http.HttpServlet.service(HttpServlet.java:820)
	at org.eclipse.jetty.servlet.ServletHolder.handle(ServletHolder.java:547)
	at org.eclipse.jetty.servlet.ServletHandler$CachedChain.doFilter(ServletHandler.java:1359)
	at com.opensymphony.module.sitemesh.filter.PageFilter.parsePage(PageFilter.java:118)
	at com.opensymphony.module.sitemesh.filter.PageFilter.doFilter(PageFilter.java:52)
	at org.eclipse.jetty.servlet.ServletHandler$CachedChain.doFilter(ServletHandler.java:1330)
	at org.jivesoftware.util.LocaleFilter.doFilter(LocaleFilter.java:74)
	at org.eclipse.jetty.servlet.ServletHandler$CachedChain.doFilter(ServletHandler.java:1330)
	at org.jivesoftware.util.SetCharacterEncodingFilter.doFilter(SetCharacterEncodingFilter.java:50)
	at org.eclipse.jetty.servlet.ServletHandler$CachedChain.doFilter(ServletHandler.java:1330)
	at org.jivesoftware.admin.PluginFilter.doFilter(PluginFilter.java:78)
	at org.eclipse.jetty.servlet.ServletHandler$CachedChain.doFilter(ServletHandler.java:1330)
	at org.jivesoftware.admin.AuthCheckFilter.doFilter(AuthCheckFilter.java:164)
	at org.eclipse.jetty.servlet.ServletHandler$CachedChain.doFilter(ServletHandler.java:1330)
	at org.eclipse.jetty.servlet.ServletHandler.doHandle(ServletHandler.java:478)
	at org.eclipse.jetty.server.handler.ScopedHandler.handle(ScopedHandler.java:119)
	at org.eclipse.jetty.security.SecurityHandler.handle(SecurityHandler.java:520)
	at org.eclipse.jetty.server.session.SessionHandler.doHandle(SessionHandler.java:227)
	at org.eclipse.jetty.server.handler.ContextHandler.doHandle(ContextHandler.java:941)
	at org.eclipse.jetty.servlet.ServletHandler.doScope(ServletHandler.java:409)
	at org.eclipse.jetty.server.session.SessionHandler.doScope(SessionHandler.java:186)
	at org.eclipse.jetty.server.handler.ContextHandler.doScope(ContextHandler.java:875)
	at org.eclipse.jetty.server.handler.ScopedHandler.handle(ScopedHandler.java:117)
	at org.eclipse.jetty.server.handler.ContextHandlerCollection.handle(ContextHandlerCollection.java:250)
	at org.eclipse.jetty.server.handler.HandlerCollection.handle(HandlerCollection.java:149)
	at org.eclipse.jetty.server.handler.HandlerWrapper.handle(HandlerWrapper.java:110)
	at org.eclipse.jetty.server.Server.handle(Server.java:349)
	at org.eclipse.jetty.server.HttpConnection.handleRequest(HttpConnection.java:441)
	at org.eclipse.jetty.server.HttpConnection$RequestHandler.content(HttpConnection.java:936)
	at org.eclipse.jetty.http.HttpParser.parseNext(HttpParser.java:801)
	at org.eclipse.jetty.http.HttpParser.parseAvailable(HttpParser.java:224)
	at org.eclipse.jetty.server.AsyncHttpConnection.handle(AsyncHttpConnection.java:51)
	at org.eclipse.jetty.io.nio.SelectChannelEndPoint.handle(SelectChannelEndPoint.java:586)
	at org.eclipse.jetty.io.nio.SelectChannelEndPoint$1.run(SelectChannelEndPoint.java:44)
	at org.eclipse.jetty.util.thread.QueuedThreadPool.runJob(QueuedThreadPool.java:598)
	at org.eclipse.jetty.util.thread.QueuedThreadPool$3.run(QueuedThreadPool.java:533)
	at java.lang.Thread.run(Thread.java:744)
Caused by: java.net.UnknownHostException: [host-name]
	at java.net.InetAddress.getAllByName(InetAddress.java:1160)
	at java.net.InetAddress.getAllByName(InetAddress.java:1098)
	at com.mysql.jdbc.StandardSocketFactory.connect(StandardSocketFactory.java:250)
	at com.mysql.jdbc.MysqlIO.<init>(MysqlIO.java:306)
	... 62 more
2014.06.13 00:14:50 org.jivesoftware.database.DbConnectionManager - Unable to get a connection from the database pool (attempt 3 out of 10).
com.mysql.jdbc.exceptions.jdbc4.CommunicationsException: Communications link failure

The last packet sent successfully to the server was 0 milliseconds ago. The driver has not received any packets from the server.
	at sun.reflect.NativeConstructorAccessorImpl.newInstance0(Native Method)
	at sun.reflect.NativeConstructorAccessorImpl.newInstance(NativeConstructorAccessorImpl.java:57)
	at sun.reflect.DelegatingConstructorAccessorImpl.newInstance(DelegatingConstructorAccessorImpl.java:45)
	at java.lang.reflect.Constructor.newInstance(Constructor.java:526)
	at com.mysql.jdbc.Util.handleNewInstance(Util.java:409)
	at com.mysql.jdbc.SQLError.createCommunicationsException(SQLError.java:1127)
	at com.mysql.jdbc.MysqlIO.<init>(MysqlIO.java:356)
	at com.mysql.jdbc.ConnectionImpl.coreConnect(ConnectionImpl.java:2502)
	at com.mysql.jdbc.ConnectionImpl.connectOneTryOnly(ConnectionImpl.java:2539)
	at com.mysql.jdbc.ConnectionImpl.createNewIO(ConnectionImpl.java:2321)
	at com.mysql.jdbc.ConnectionImpl.<init>(ConnectionImpl.java:832)
	at com.mysql.jdbc.JDBC4Connection.<init>(JDBC4Connection.java:46)
	at sun.reflect.NativeConstructorAccessorImpl.newInstance0(Native Method)
	at sun.reflect.NativeConstructorAccessorImpl.newInstance(NativeConstructorAccessorImpl.java:57)
	at sun.reflect.DelegatingConstructorAccessorImpl.newInstance(DelegatingConstructorAccessorImpl.java:45)
	at java.lang.reflect.Constructor.newInstance(Constructor.java:526)
	at com.mysql.jdbc.Util.handleNewInstance(Util.java:409)
	at com.mysql.jdbc.ConnectionImpl.getInstance(ConnectionImpl.java:417)
	at com.mysql.jdbc.NonRegisteringDriver.connect(NonRegisteringDriver.java:344)
	at java.sql.DriverManager.getConnection(DriverManager.java:571)
	at java.sql.DriverManager.getConnection(DriverManager.java:187)
	at org.logicalcobwebs.proxool.DefaultConnectionBuilder.buildConnection(DefaultConnectionBuilder.java:39)
	at org.logicalcobwebs.proxool.Prototyper.buildConnection(Prototyper.java:159)
	at org.logicalcobwebs.proxool.ConnectionPool.getConnection(ConnectionPool.java:211)
	at org.logicalcobwebs.proxool.ProxoolDriver.connect(ProxoolDriver.java:89)
	at java.sql.DriverManager.getConnection(DriverManager.java:571)
	at java.sql.DriverManager.getConnection(DriverManager.java:187)
	at org.jivesoftware.database.DefaultConnectionProvider.getConnection(DefaultConnectionProvider.java:86)
	at org.jivesoftware.database.DbConnectionManager.getConnection(DbConnectionManager.java:124)
	at org.jivesoftware.openfire.admin.setup.setup_002ddatasource_002dstandard_jsp.testConnection(setup_002ddatasource_002dstandard_jsp.java:35)
	at org.jivesoftware.openfire.admin.setup.setup_002ddatasource_002dstandard_jsp._jspService(setup_002ddatasource_002dstandard_jsp.java:207)
	at org.apache.jasper.runtime.HttpJspBase.service(HttpJspBase.java:97)
	at javax.servlet.http.HttpServlet.service(HttpServlet.java:820)
	at org.eclipse.jetty.servlet.ServletHolder.handle(ServletHolder.java:547)
	at org.eclipse.jetty.servlet.ServletHandler$CachedChain.doFilter(ServletHandler.java:1359)
	at com.opensymphony.module.sitemesh.filter.PageFilter.parsePage(PageFilter.java:118)
	at com.opensymphony.module.sitemesh.filter.PageFilter.doFilter(PageFilter.java:52)
	at org.eclipse.jetty.servlet.ServletHandler$CachedChain.doFilter(ServletHandler.java:1330)
	at org.jivesoftware.util.LocaleFilter.doFilter(LocaleFilter.java:74)
	at org.eclipse.jetty.servlet.ServletHandler$CachedChain.doFilter(ServletHandler.java:1330)
	at org.jivesoftware.util.SetCharacterEncodingFilter.doFilter(SetCharacterEncodingFilter.java:50)
	at org.eclipse.jetty.servlet.ServletHandler$CachedChain.doFilter(ServletHandler.java:1330)
	at org.jivesoftware.admin.PluginFilter.doFilter(PluginFilter.java:78)
	at org.eclipse.jetty.servlet.ServletHandler$CachedChain.doFilter(ServletHandler.java:1330)
	at org.jivesoftware.admin.AuthCheckFilter.doFilter(AuthCheckFilter.java:164)
	at org.eclipse.jetty.servlet.ServletHandler$CachedChain.doFilter(ServletHandler.java:1330)
	at org.eclipse.jetty.servlet.ServletHandler.doHandle(ServletHandler.java:478)
	at org.eclipse.jetty.server.handler.ScopedHandler.handle(ScopedHandler.java:119)
	at org.eclipse.jetty.security.SecurityHandler.handle(SecurityHandler.java:520)
	at org.eclipse.jetty.server.session.SessionHandler.doHandle(SessionHandler.java:227)
	at org.eclipse.jetty.server.handler.ContextHandler.doHandle(ContextHandler.java:941)
	at org.eclipse.jetty.servlet.ServletHandler.doScope(ServletHandler.java:409)
	at org.eclipse.jetty.server.session.SessionHandler.doScope(SessionHandler.java:186)
	at org.eclipse.jetty.server.handler.ContextHandler.doScope(ContextHandler.java:875)
	at org.eclipse.jetty.server.handler.ScopedHandler.handle(ScopedHandler.java:117)
	at org.eclipse.jetty.server.handler.ContextHandlerCollection.handle(ContextHandlerCollection.java:250)
	at org.eclipse.jetty.server.handler.HandlerCollection.handle(HandlerCollection.java:149)
	at org.eclipse.jetty.server.handler.HandlerWrapper.handle(HandlerWrapper.java:110)
	at org.eclipse.jetty.server.Server.handle(Server.java:349)
	at org.eclipse.jetty.server.HttpConnection.handleRequest(HttpConnection.java:441)
	at org.eclipse.jetty.server.HttpConnection$RequestHandler.content(HttpConnection.java:936)
	at org.eclipse.jetty.http.HttpParser.parseNext(HttpParser.java:801)
	at org.eclipse.jetty.http.HttpParser.parseAvailable(HttpParser.java:224)
	at org.eclipse.jetty.server.AsyncHttpConnection.handle(AsyncHttpConnection.java:51)
	at org.eclipse.jetty.io.nio.SelectChannelEndPoint.handle(SelectChannelEndPoint.java:586)
	at org.eclipse.jetty.io.nio.SelectChannelEndPoint$1.run(SelectChannelEndPoint.java:44)
	at org.eclipse.jetty.util.thread.QueuedThreadPool.runJob(QueuedThreadPool.java:598)
	at org.eclipse.jetty.util.thread.QueuedThreadPool$3.run(QueuedThreadPool.java:533)
	at java.lang.Thread.run(Thread.java:744)
Caused by: java.net.UnknownHostException: [host-name]
	at java.net.InetAddress.getAllByName(InetAddress.java:1160)
	at java.net.InetAddress.getAllByName(InetAddress.java:1098)
	at com.mysql.jdbc.StandardSocketFactory.connect(StandardSocketFactory.java:250)
	at com.mysql.jdbc.MysqlIO.<init>(MysqlIO.java:306)
	... 62 more
2014.06.13 00:14:50 org.jivesoftware.database.DbConnectionManager - Unable to get a connection from the database pool (attempt 4 out of 10).
com.mysql.jdbc.exceptions.jdbc4.CommunicationsException: Communications link failure

The last packet sent successfully to the server was 0 milliseconds ago. The driver has not received any packets from the server.
	at sun.reflect.NativeConstructorAccessorImpl.newInstance0(Native Method)
	at sun.reflect.NativeConstructorAccessorImpl.newInstance(NativeConstructorAccessorImpl.java:57)
	at sun.reflect.DelegatingConstructorAccessorImpl.newInstance(DelegatingConstructorAccessorImpl.java:45)
	at java.lang.reflect.Constructor.newInstance(Constructor.java:526)
	at com.mysql.jdbc.Util.handleNewInstance(Util.java:409)
	at com.mysql.jdbc.SQLError.createCommunicationsException(SQLError.java:1127)
	at com.mysql.jdbc.MysqlIO.<init>(MysqlIO.java:356)
	at com.mysql.jdbc.ConnectionImpl.coreConnect(ConnectionImpl.java:2502)
	at com.mysql.jdbc.ConnectionImpl.connectOneTryOnly(ConnectionImpl.java:2539)
	at com.mysql.jdbc.ConnectionImpl.createNewIO(ConnectionImpl.java:2321)
	at com.mysql.jdbc.ConnectionImpl.<init>(ConnectionImpl.java:832)
	at com.mysql.jdbc.JDBC4Connection.<init>(JDBC4Connection.java:46)
	at sun.reflect.NativeConstructorAccessorImpl.newInstance0(Native Method)
	at sun.reflect.NativeConstructorAccessorImpl.newInstance(NativeConstructorAccessorImpl.java:57)
	at sun.reflect.DelegatingConstructorAccessorImpl.newInstance(DelegatingConstructorAccessorImpl.java:45)
	at java.lang.reflect.Constructor.newInstance(Constructor.java:526)
	at com.mysql.jdbc.Util.handleNewInstance(Util.java:409)
	at com.mysql.jdbc.ConnectionImpl.getInstance(ConnectionImpl.java:417)
	at com.mysql.jdbc.NonRegisteringDriver.connect(NonRegisteringDriver.java:344)
	at java.sql.DriverManager.getConnection(DriverManager.java:571)
	at java.sql.DriverManager.getConnection(DriverManager.java:187)
	at org.logicalcobwebs.proxool.DefaultConnectionBuilder.buildConnection(DefaultConnectionBuilder.java:39)
	at org.logicalcobwebs.proxool.Prototyper.buildConnection(Prototyper.java:159)
	at org.logicalcobwebs.proxool.ConnectionPool.getConnection(ConnectionPool.java:211)
	at org.logicalcobwebs.proxool.ProxoolDriver.connect(ProxoolDriver.java:89)
	at java.sql.DriverManager.getConnection(DriverManager.java:571)
	at java.sql.DriverManager.getConnection(DriverManager.java:187)
	at org.jivesoftware.database.DefaultConnectionProvider.getConnection(DefaultConnectionProvider.java:86)
	at org.jivesoftware.database.DbConnectionManager.getConnection(DbConnectionManager.java:124)
	at org.jivesoftware.openfire.admin.setup.setup_002ddatasource_002dstandard_jsp.testConnection(setup_002ddatasource_002dstandard_jsp.java:35)
	at org.jivesoftware.openfire.admin.setup.setup_002ddatasource_002dstandard_jsp._jspService(setup_002ddatasource_002dstandard_jsp.java:207)
	at org.apache.jasper.runtime.HttpJspBase.service(HttpJspBase.java:97)
	at javax.servlet.http.HttpServlet.service(HttpServlet.java:820)
	at org.eclipse.jetty.servlet.ServletHolder.handle(ServletHolder.java:547)
	at org.eclipse.jetty.servlet.ServletHandler$CachedChain.doFilter(ServletHandler.java:1359)
	at com.opensymphony.module.sitemesh.filter.PageFilter.parsePage(PageFilter.java:118)
	at com.opensymphony.module.sitemesh.filter.PageFilter.doFilter(PageFilter.java:52)
	at org.eclipse.jetty.servlet.ServletHandler$CachedChain.doFilter(ServletHandler.java:1330)
	at org.jivesoftware.util.LocaleFilter.doFilter(LocaleFilter.java:74)
	at org.eclipse.jetty.servlet.ServletHandler$CachedChain.doFilter(ServletHandler.java:1330)
	at org.jivesoftware.util.SetCharacterEncodingFilter.doFilter(SetCharacterEncodingFilter.java:50)
	at org.eclipse.jetty.servlet.ServletHandler$CachedChain.doFilter(ServletHandler.java:1330)
	at org.jivesoftware.admin.PluginFilter.doFilter(PluginFilter.java:78)
	at org.eclipse.jetty.servlet.ServletHandler$CachedChain.doFilter(ServletHandler.java:1330)
	at org.jivesoftware.admin.AuthCheckFilter.doFilter(AuthCheckFilter.java:164)
	at org.eclipse.jetty.servlet.ServletHandler$CachedChain.doFilter(ServletHandler.java:1330)
	at org.eclipse.jetty.servlet.ServletHandler.doHandle(ServletHandler.java:478)
	at org.eclipse.jetty.server.handler.ScopedHandler.handle(ScopedHandler.java:119)
	at org.eclipse.jetty.security.SecurityHandler.handle(SecurityHandler.java:520)
	at org.eclipse.jetty.server.session.SessionHandler.doHandle(SessionHandler.java:227)
	at org.eclipse.jetty.server.handler.ContextHandler.doHandle(ContextHandler.java:941)
	at org.eclipse.jetty.servlet.ServletHandler.doScope(ServletHandler.java:409)
	at org.eclipse.jetty.server.session.SessionHandler.doScope(SessionHandler.java:186)
	at org.eclipse.jetty.server.handler.ContextHandler.doScope(ContextHandler.java:875)
	at org.eclipse.jetty.server.handler.ScopedHandler.handle(ScopedHandler.java:117)
	at org.eclipse.jetty.server.handler.ContextHandlerCollection.handle(ContextHandlerCollection.java:250)
	at org.eclipse.jetty.server.handler.HandlerCollection.handle(HandlerCollection.java:149)
	at org.eclipse.jetty.server.handler.HandlerWrapper.handle(HandlerWrapper.java:110)
	at org.eclipse.jetty.server.Server.handle(Server.java:349)
	at org.eclipse.jetty.server.HttpConnection.handleRequest(HttpConnection.java:441)
	at org.eclipse.jetty.server.HttpConnection$RequestHandler.content(HttpConnection.java:936)
	at org.eclipse.jetty.http.HttpParser.parseNext(HttpParser.java:801)
	at org.eclipse.jetty.http.HttpParser.parseAvailable(HttpParser.java:224)
	at org.eclipse.jetty.server.AsyncHttpConnection.handle(AsyncHttpConnection.java:51)
	at org.eclipse.jetty.io.nio.SelectChannelEndPoint.handle(SelectChannelEndPoint.java:586)
	at org.eclipse.jetty.io.nio.SelectChannelEndPoint$1.run(SelectChannelEndPoint.java:44)
	at org.eclipse.jetty.util.thread.QueuedThreadPool.runJob(QueuedThreadPool.java:598)
	at org.eclipse.jetty.util.thread.QueuedThreadPool$3.run(QueuedThreadPool.java:533)
	at java.lang.Thread.run(Thread.java:744)
Caused by: java.net.UnknownHostException: [host-name]
	at java.net.InetAddress.getAllByName(InetAddress.java:1160)
	at java.net.InetAddress.getAllByName(InetAddress.java:1098)
	at com.mysql.jdbc.StandardSocketFactory.connect(StandardSocketFactory.java:250)
	at com.mysql.jdbc.MysqlIO.<init>(MysqlIO.java:306)
	... 62 more
2014.06.13 00:14:50 org.jivesoftware.database.DbConnectionManager - Unable to get a connection from the database pool (attempt 5 out of 10).
com.mysql.jdbc.exceptions.jdbc4.CommunicationsException: Communications link failure

The last packet sent successfully to the server was 0 milliseconds ago. The driver has not received any packets from the server.
	at sun.reflect.NativeConstructorAccessorImpl.newInstance0(Native Method)
	at sun.reflect.NativeConstructorAccessorImpl.newInstance(NativeConstructorAccessorImpl.java:57)
	at sun.reflect.DelegatingConstructorAccessorImpl.newInstance(DelegatingConstructorAccessorImpl.java:45)
	at java.lang.reflect.Constructor.newInstance(Constructor.java:526)
	at com.mysql.jdbc.Util.handleNewInstance(Util.java:409)
	at com.mysql.jdbc.SQLError.createCommunicationsException(SQLError.java:1127)
	at com.mysql.jdbc.MysqlIO.<init>(MysqlIO.java:356)
	at com.mysql.jdbc.ConnectionImpl.coreConnect(ConnectionImpl.java:2502)
	at com.mysql.jdbc.ConnectionImpl.connectOneTryOnly(ConnectionImpl.java:2539)
	at com.mysql.jdbc.ConnectionImpl.createNewIO(ConnectionImpl.java:2321)
	at com.mysql.jdbc.ConnectionImpl.<init>(ConnectionImpl.java:832)
	at com.mysql.jdbc.JDBC4Connection.<init>(JDBC4Connection.java:46)
	at sun.reflect.NativeConstructorAccessorImpl.newInstance0(Native Method)
	at sun.reflect.NativeConstructorAccessorImpl.newInstance(NativeConstructorAccessorImpl.java:57)
	at sun.reflect.DelegatingConstructorAccessorImpl.newInstance(DelegatingConstructorAccessorImpl.java:45)
	at java.lang.reflect.Constructor.newInstance(Constructor.java:526)
	at com.mysql.jdbc.Util.handleNewInstance(Util.java:409)
	at com.mysql.jdbc.ConnectionImpl.getInstance(ConnectionImpl.java:417)
	at com.mysql.jdbc.NonRegisteringDriver.connect(NonRegisteringDriver.java:344)
	at java.sql.DriverManager.getConnection(DriverManager.java:571)
	at java.sql.DriverManager.getConnection(DriverManager.java:187)
	at org.logicalcobwebs.proxool.DefaultConnectionBuilder.buildConnection(DefaultConnectionBuilder.java:39)
	at org.logicalcobwebs.proxool.Prototyper.buildConnection(Prototyper.java:159)
	at org.logicalcobwebs.proxool.ConnectionPool.getConnection(ConnectionPool.java:211)
	at org.logicalcobwebs.proxool.ProxoolDriver.connect(ProxoolDriver.java:89)
	at java.sql.DriverManager.getConnection(DriverManager.java:571)
	at java.sql.DriverManager.getConnection(DriverManager.java:187)
	at org.jivesoftware.database.DefaultConnectionProvider.getConnection(DefaultConnectionProvider.java:86)
	at org.jivesoftware.database.DbConnectionManager.getConnection(DbConnectionManager.java:124)
	at org.jivesoftware.openfire.admin.setup.setup_002ddatasource_002dstandard_jsp.testConnection(setup_002ddatasource_002dstandard_jsp.java:35)
	at org.jivesoftware.openfire.admin.setup.setup_002ddatasource_002dstandard_jsp._jspService(setup_002ddatasource_002dstandard_jsp.java:207)
	at org.apache.jasper.runtime.HttpJspBase.service(HttpJspBase.java:97)
	at javax.servlet.http.HttpServlet.service(HttpServlet.java:820)
	at org.eclipse.jetty.servlet.ServletHolder.handle(ServletHolder.java:547)
	at org.eclipse.jetty.servlet.ServletHandler$CachedChain.doFilter(ServletHandler.java:1359)
	at com.opensymphony.module.sitemesh.filter.PageFilter.parsePage(PageFilter.java:118)
	at com.opensymphony.module.sitemesh.filter.PageFilter.doFilter(PageFilter.java:52)
	at org.eclipse.jetty.servlet.ServletHandler$CachedChain.doFilter(ServletHandler.java:1330)
	at org.jivesoftware.util.LocaleFilter.doFilter(LocaleFilter.java:74)
	at org.eclipse.jetty.servlet.ServletHandler$CachedChain.doFilter(ServletHandler.java:1330)
	at org.jivesoftware.util.SetCharacterEncodingFilter.doFilter(SetCharacterEncodingFilter.java:50)
	at org.eclipse.jetty.servlet.ServletHandler$CachedChain.doFilter(ServletHandler.java:1330)
	at org.jivesoftware.admin.PluginFilter.doFilter(PluginFilter.java:78)
	at org.eclipse.jetty.servlet.ServletHandler$CachedChain.doFilter(ServletHandler.java:1330)
	at org.jivesoftware.admin.AuthCheckFilter.doFilter(AuthCheckFilter.java:164)
	at org.eclipse.jetty.servlet.ServletHandler$CachedChain.doFilter(ServletHandler.java:1330)
	at org.eclipse.jetty.servlet.ServletHandler.doHandle(ServletHandler.java:478)
	at org.eclipse.jetty.server.handler.ScopedHandler.handle(ScopedHandler.java:119)
	at org.eclipse.jetty.security.SecurityHandler.handle(SecurityHandler.java:520)
	at org.eclipse.jetty.server.session.SessionHandler.doHandle(SessionHandler.java:227)
	at org.eclipse.jetty.server.handler.ContextHandler.doHandle(ContextHandler.java:941)
	at org.eclipse.jetty.servlet.ServletHandler.doScope(ServletHandler.java:409)
	at org.eclipse.jetty.server.session.SessionHandler.doScope(SessionHandler.java:186)
	at org.eclipse.jetty.server.handler.ContextHandler.doScope(ContextHandler.java:875)
	at org.eclipse.jetty.server.handler.ScopedHandler.handle(ScopedHandler.java:117)
	at org.eclipse.jetty.server.handler.ContextHandlerCollection.handle(ContextHandlerCollection.java:250)
	at org.eclipse.jetty.server.handler.HandlerCollection.handle(HandlerCollection.java:149)
	at org.eclipse.jetty.server.handler.HandlerWrapper.handle(HandlerWrapper.java:110)
	at org.eclipse.jetty.server.Server.handle(Server.java:349)
	at org.eclipse.jetty.server.HttpConnection.handleRequest(HttpConnection.java:441)
	at org.eclipse.jetty.server.HttpConnection$RequestHandler.content(HttpConnection.java:936)
	at org.eclipse.jetty.http.HttpParser.parseNext(HttpParser.java:801)
	at org.eclipse.jetty.http.HttpParser.parseAvailable(HttpParser.java:224)
	at org.eclipse.jetty.server.AsyncHttpConnection.handle(AsyncHttpConnection.java:51)
	at org.eclipse.jetty.io.nio.SelectChannelEndPoint.handle(SelectChannelEndPoint.java:586)
	at org.eclipse.jetty.io.nio.SelectChannelEndPoint$1.run(SelectChannelEndPoint.java:44)
	at org.eclipse.jetty.util.thread.QueuedThreadPool.runJob(QueuedThreadPool.java:598)
	at org.eclipse.jetty.util.thread.QueuedThreadPool$3.run(QueuedThreadPool.java:533)
	at java.lang.Thread.run(Thread.java:744)
Caused by: java.net.UnknownHostException: [host-name]
	at java.net.InetAddress.getAllByName(InetAddress.java:1160)
	at java.net.InetAddress.getAllByName(InetAddress.java:1098)
	at com.mysql.jdbc.StandardSocketFactory.connect(StandardSocketFactory.java:250)
	at com.mysql.jdbc.MysqlIO.<init>(MysqlIO.java:306)
	... 62 more
2014.06.13 00:14:51 org.jivesoftware.database.DbConnectionManager - Unable to get a connection from the database pool (attempt 6 out of 10).
com.mysql.jdbc.exceptions.jdbc4.CommunicationsException: Communications link failure

The last packet sent successfully to the server was 0 milliseconds ago. The driver has not received any packets from the server.
	at sun.reflect.NativeConstructorAccessorImpl.newInstance0(Native Method)
	at sun.reflect.NativeConstructorAccessorImpl.newInstance(NativeConstructorAccessorImpl.java:57)
	at sun.reflect.DelegatingConstructorAccessorImpl.newInstance(DelegatingConstructorAccessorImpl.java:45)
	at java.lang.reflect.Constructor.newInstance(Constructor.java:526)
	at com.mysql.jdbc.Util.handleNewInstance(Util.java:409)
	at com.mysql.jdbc.SQLError.createCommunicationsException(SQLError.java:1127)
	at com.mysql.jdbc.MysqlIO.<init>(MysqlIO.java:356)
	at com.mysql.jdbc.ConnectionImpl.coreConnect(ConnectionImpl.java:2502)
	at com.mysql.jdbc.ConnectionImpl.connectOneTryOnly(ConnectionImpl.java:2539)
	at com.mysql.jdbc.ConnectionImpl.createNewIO(ConnectionImpl.java:2321)
	at com.mysql.jdbc.ConnectionImpl.<init>(ConnectionImpl.java:832)
	at com.mysql.jdbc.JDBC4Connection.<init>(JDBC4Connection.java:46)
	at sun.reflect.NativeConstructorAccessorImpl.newInstance0(Native Method)
	at sun.reflect.NativeConstructorAccessorImpl.newInstance(NativeConstructorAccessorImpl.java:57)
	at sun.reflect.DelegatingConstructorAccessorImpl.newInstance(DelegatingConstructorAccessorImpl.java:45)
	at java.lang.reflect.Constructor.newInstance(Constructor.java:526)
	at com.mysql.jdbc.Util.handleNewInstance(Util.java:409)
	at com.mysql.jdbc.ConnectionImpl.getInstance(ConnectionImpl.java:417)
	at com.mysql.jdbc.NonRegisteringDriver.connect(NonRegisteringDriver.java:344)
	at java.sql.DriverManager.getConnection(DriverManager.java:571)
	at java.sql.DriverManager.getConnection(DriverManager.java:187)
	at org.logicalcobwebs.proxool.DefaultConnectionBuilder.buildConnection(DefaultConnectionBuilder.java:39)
	at org.logicalcobwebs.proxool.Prototyper.buildConnection(Prototyper.java:159)
	at org.logicalcobwebs.proxool.ConnectionPool.getConnection(ConnectionPool.java:211)
	at org.logicalcobwebs.proxool.ProxoolDriver.connect(ProxoolDriver.java:89)
	at java.sql.DriverManager.getConnection(DriverManager.java:571)
	at java.sql.DriverManager.getConnection(DriverManager.java:187)
	at org.jivesoftware.database.DefaultConnectionProvider.getConnection(DefaultConnectionProvider.java:86)
	at org.jivesoftware.database.DbConnectionManager.getConnection(DbConnectionManager.java:124)
	at org.jivesoftware.openfire.admin.setup.setup_002ddatasource_002dstandard_jsp.testConnection(setup_002ddatasource_002dstandard_jsp.java:35)
	at org.jivesoftware.openfire.admin.setup.setup_002ddatasource_002dstandard_jsp._jspService(setup_002ddatasource_002dstandard_jsp.java:207)
	at org.apache.jasper.runtime.HttpJspBase.service(HttpJspBase.java:97)
	at javax.servlet.http.HttpServlet.service(HttpServlet.java:820)
	at org.eclipse.jetty.servlet.ServletHolder.handle(ServletHolder.java:547)
	at org.eclipse.jetty.servlet.ServletHandler$CachedChain.doFilter(ServletHandler.java:1359)
	at com.opensymphony.module.sitemesh.filter.PageFilter.parsePage(PageFilter.java:118)
	at com.opensymphony.module.sitemesh.filter.PageFilter.doFilter(PageFilter.java:52)
	at org.eclipse.jetty.servlet.ServletHandler$CachedChain.doFilter(ServletHandler.java:1330)
	at org.jivesoftware.util.LocaleFilter.doFilter(LocaleFilter.java:74)
	at org.eclipse.jetty.servlet.ServletHandler$CachedChain.doFilter(ServletHandler.java:1330)
	at org.jivesoftware.util.SetCharacterEncodingFilter.doFilter(SetCharacterEncodingFilter.java:50)
	at org.eclipse.jetty.servlet.ServletHandler$CachedChain.doFilter(ServletHandler.java:1330)
	at org.jivesoftware.admin.PluginFilter.doFilter(PluginFilter.java:78)
	at org.eclipse.jetty.servlet.ServletHandler$CachedChain.doFilter(ServletHandler.java:1330)
	at org.jivesoftware.admin.AuthCheckFilter.doFilter(AuthCheckFilter.java:164)
	at org.eclipse.jetty.servlet.ServletHandler$CachedChain.doFilter(ServletHandler.java:1330)
	at org.eclipse.jetty.servlet.ServletHandler.doHandle(ServletHandler.java:478)
	at org.eclipse.jetty.server.handler.ScopedHandler.handle(ScopedHandler.java:119)
	at org.eclipse.jetty.security.SecurityHandler.handle(SecurityHandler.java:520)
	at org.eclipse.jetty.server.session.SessionHandler.doHandle(SessionHandler.java:227)
	at org.eclipse.jetty.server.handler.ContextHandler.doHandle(ContextHandler.java:941)
	at org.eclipse.jetty.servlet.ServletHandler.doScope(ServletHandler.java:409)
	at org.eclipse.jetty.server.session.SessionHandler.doScope(SessionHandler.java:186)
	at org.eclipse.jetty.server.handler.ContextHandler.doScope(ContextHandler.java:875)
	at org.eclipse.jetty.server.handler.ScopedHandler.handle(ScopedHandler.java:117)
	at org.eclipse.jetty.server.handler.ContextHandlerCollection.handle(ContextHandlerCollection.java:250)
	at org.eclipse.jetty.server.handler.HandlerCollection.handle(HandlerCollection.java:149)
	at org.eclipse.jetty.server.handler.HandlerWrapper.handle(HandlerWrapper.java:110)
	at org.eclipse.jetty.server.Server.handle(Server.java:349)
	at org.eclipse.jetty.server.HttpConnection.handleRequest(HttpConnection.java:441)
	at org.eclipse.jetty.server.HttpConnection$RequestHandler.content(HttpConnection.java:936)
	at org.eclipse.jetty.http.HttpParser.parseNext(HttpParser.java:801)
	at org.eclipse.jetty.http.HttpParser.parseAvailable(HttpParser.java:224)
	at org.eclipse.jetty.server.AsyncHttpConnection.handle(AsyncHttpConnection.java:51)
	at org.eclipse.jetty.io.nio.SelectChannelEndPoint.handle(SelectChannelEndPoint.java:586)
	at org.eclipse.jetty.io.nio.SelectChannelEndPoint$1.run(SelectChannelEndPoint.java:44)
	at org.eclipse.jetty.util.thread.QueuedThreadPool.runJob(QueuedThreadPool.java:598)
	at org.eclipse.jetty.util.thread.QueuedThreadPool$3.run(QueuedThreadPool.java:533)
	at java.lang.Thread.run(Thread.java:744)
Caused by: java.net.UnknownHostException: [host-name]
	at java.net.InetAddress.getAllByName(InetAddress.java:1160)
	at java.net.InetAddress.getAllByName(InetAddress.java:1098)
	at com.mysql.jdbc.StandardSocketFactory.connect(StandardSocketFactory.java:250)
	at com.mysql.jdbc.MysqlIO.<init>(MysqlIO.java:306)
	... 62 more
2014.06.13 00:14:51 org.jivesoftware.database.DbConnectionManager - Unable to get a connection from the database pool (attempt 7 out of 10).
com.mysql.jdbc.exceptions.jdbc4.CommunicationsException: Communications link failure

The last packet sent successfully to the server was 0 milliseconds ago. The driver has not received any packets from the server.
	at sun.reflect.NativeConstructorAccessorImpl.newInstance0(Native Method)
	at sun.reflect.NativeConstructorAccessorImpl.newInstance(NativeConstructorAccessorImpl.java:57)
	at sun.reflect.DelegatingConstructorAccessorImpl.newInstance(DelegatingConstructorAccessorImpl.java:45)
	at java.lang.reflect.Constructor.newInstance(Constructor.java:526)
	at com.mysql.jdbc.Util.handleNewInstance(Util.java:409)
	at com.mysql.jdbc.SQLError.createCommunicationsException(SQLError.java:1127)
	at com.mysql.jdbc.MysqlIO.<init>(MysqlIO.java:356)
	at com.mysql.jdbc.ConnectionImpl.coreConnect(ConnectionImpl.java:2502)
	at com.mysql.jdbc.ConnectionImpl.connectOneTryOnly(ConnectionImpl.java:2539)
	at com.mysql.jdbc.ConnectionImpl.createNewIO(ConnectionImpl.java:2321)
	at com.mysql.jdbc.ConnectionImpl.<init>(ConnectionImpl.java:832)
	at com.mysql.jdbc.JDBC4Connection.<init>(JDBC4Connection.java:46)
	at sun.reflect.NativeConstructorAccessorImpl.newInstance0(Native Method)
	at sun.reflect.NativeConstructorAccessorImpl.newInstance(NativeConstructorAccessorImpl.java:57)
	at sun.reflect.DelegatingConstructorAccessorImpl.newInstance(DelegatingConstructorAccessorImpl.java:45)
	at java.lang.reflect.Constructor.newInstance(Constructor.java:526)
	at com.mysql.jdbc.Util.handleNewInstance(Util.java:409)
	at com.mysql.jdbc.ConnectionImpl.getInstance(ConnectionImpl.java:417)
	at com.mysql.jdbc.NonRegisteringDriver.connect(NonRegisteringDriver.java:344)
	at java.sql.DriverManager.getConnection(DriverManager.java:571)
	at java.sql.DriverManager.getConnection(DriverManager.java:187)
	at org.logicalcobwebs.proxool.DefaultConnectionBuilder.buildConnection(DefaultConnectionBuilder.java:39)
	at org.logicalcobwebs.proxool.Prototyper.buildConnection(Prototyper.java:159)
	at org.logicalcobwebs.proxool.ConnectionPool.getConnection(ConnectionPool.java:211)
	at org.logicalcobwebs.proxool.ProxoolDriver.connect(ProxoolDriver.java:89)
	at java.sql.DriverManager.getConnection(DriverManager.java:571)
	at java.sql.DriverManager.getConnection(DriverManager.java:187)
	at org.jivesoftware.database.DefaultConnectionProvider.getConnection(DefaultConnectionProvider.java:86)
	at org.jivesoftware.database.DbConnectionManager.getConnection(DbConnectionManager.java:124)
	at org.jivesoftware.openfire.admin.setup.setup_002ddatasource_002dstandard_jsp.testConnection(setup_002ddatasource_002dstandard_jsp.java:35)
	at org.jivesoftware.openfire.admin.setup.setup_002ddatasource_002dstandard_jsp._jspService(setup_002ddatasource_002dstandard_jsp.java:207)
	at org.apache.jasper.runtime.HttpJspBase.service(HttpJspBase.java:97)
	at javax.servlet.http.HttpServlet.service(HttpServlet.java:820)
	at org.eclipse.jetty.servlet.ServletHolder.handle(ServletHolder.java:547)
	at org.eclipse.jetty.servlet.ServletHandler$CachedChain.doFilter(ServletHandler.java:1359)
	at com.opensymphony.module.sitemesh.filter.PageFilter.parsePage(PageFilter.java:118)
	at com.opensymphony.module.sitemesh.filter.PageFilter.doFilter(PageFilter.java:52)
	at org.eclipse.jetty.servlet.ServletHandler$CachedChain.doFilter(ServletHandler.java:1330)
	at org.jivesoftware.util.LocaleFilter.doFilter(LocaleFilter.java:74)
	at org.eclipse.jetty.servlet.ServletHandler$CachedChain.doFilter(ServletHandler.java:1330)
	at org.jivesoftware.util.SetCharacterEncodingFilter.doFilter(SetCharacterEncodingFilter.java:50)
	at org.eclipse.jetty.servlet.ServletHandler$CachedChain.doFilter(ServletHandler.java:1330)
	at org.jivesoftware.admin.PluginFilter.doFilter(PluginFilter.java:78)
	at org.eclipse.jetty.servlet.ServletHandler$CachedChain.doFilter(ServletHandler.java:1330)
	at org.jivesoftware.admin.AuthCheckFilter.doFilter(AuthCheckFilter.java:164)
	at org.eclipse.jetty.servlet.ServletHandler$CachedChain.doFilter(ServletHandler.java:1330)
	at org.eclipse.jetty.servlet.ServletHandler.doHandle(ServletHandler.java:478)
	at org.eclipse.jetty.server.handler.ScopedHandler.handle(ScopedHandler.java:119)
	at org.eclipse.jetty.security.SecurityHandler.handle(SecurityHandler.java:520)
	at org.eclipse.jetty.server.session.SessionHandler.doHandle(SessionHandler.java:227)
	at org.eclipse.jetty.server.handler.ContextHandler.doHandle(ContextHandler.java:941)
	at org.eclipse.jetty.servlet.ServletHandler.doScope(ServletHandler.java:409)
	at org.eclipse.jetty.server.session.SessionHandler.doScope(SessionHandler.java:186)
	at org.eclipse.jetty.server.handler.ContextHandler.doScope(ContextHandler.java:875)
	at org.eclipse.jetty.server.handler.ScopedHandler.handle(ScopedHandler.java:117)
	at org.eclipse.jetty.server.handler.ContextHandlerCollection.handle(ContextHandlerCollection.java:250)
	at org.eclipse.jetty.server.handler.HandlerCollection.handle(HandlerCollection.java:149)
	at org.eclipse.jetty.server.handler.HandlerWrapper.handle(HandlerWrapper.java:110)
	at org.eclipse.jetty.server.Server.handle(Server.java:349)
	at org.eclipse.jetty.server.HttpConnection.handleRequest(HttpConnection.java:441)
	at org.eclipse.jetty.server.HttpConnection$RequestHandler.content(HttpConnection.java:936)
	at org.eclipse.jetty.http.HttpParser.parseNext(HttpParser.java:801)
	at org.eclipse.jetty.http.HttpParser.parseAvailable(HttpParser.java:224)
	at org.eclipse.jetty.server.AsyncHttpConnection.handle(AsyncHttpConnection.java:51)
	at org.eclipse.jetty.io.nio.SelectChannelEndPoint.handle(SelectChannelEndPoint.java:586)
	at org.eclipse.jetty.io.nio.SelectChannelEndPoint$1.run(SelectChannelEndPoint.java:44)
	at org.eclipse.jetty.util.thread.QueuedThreadPool.runJob(QueuedThreadPool.java:598)
	at org.eclipse.jetty.util.thread.QueuedThreadPool$3.run(QueuedThreadPool.java:533)
	at java.lang.Thread.run(Thread.java:744)
Caused by: java.net.UnknownHostException: [host-name]
	at java.net.InetAddress.getAllByName(InetAddress.java:1160)
	at java.net.InetAddress.getAllByName(InetAddress.java:1098)
	at com.mysql.jdbc.StandardSocketFactory.connect(StandardSocketFactory.java:250)
	at com.mysql.jdbc.MysqlIO.<init>(MysqlIO.java:306)
	... 62 more
2014.06.13 00:14:51 org.jivesoftware.database.DbConnectionManager - Unable to get a connection from the database pool (attempt 8 out of 10).
com.mysql.jdbc.exceptions.jdbc4.CommunicationsException: Communications link failure

The last packet sent successfully to the server was 0 milliseconds ago. The driver has not received any packets from the server.
	at sun.reflect.NativeConstructorAccessorImpl.newInstance0(Native Method)
	at sun.reflect.NativeConstructorAccessorImpl.newInstance(NativeConstructorAccessorImpl.java:57)
	at sun.reflect.DelegatingConstructorAccessorImpl.newInstance(DelegatingConstructorAccessorImpl.java:45)
	at java.lang.reflect.Constructor.newInstance(Constructor.java:526)
	at com.mysql.jdbc.Util.handleNewInstance(Util.java:409)
	at com.mysql.jdbc.SQLError.createCommunicationsException(SQLError.java:1127)
	at com.mysql.jdbc.MysqlIO.<init>(MysqlIO.java:356)
	at com.mysql.jdbc.ConnectionImpl.coreConnect(ConnectionImpl.java:2502)
	at com.mysql.jdbc.ConnectionImpl.connectOneTryOnly(ConnectionImpl.java:2539)
	at com.mysql.jdbc.ConnectionImpl.createNewIO(ConnectionImpl.java:2321)
	at com.mysql.jdbc.ConnectionImpl.<init>(ConnectionImpl.java:832)
	at com.mysql.jdbc.JDBC4Connection.<init>(JDBC4Connection.java:46)
	at sun.reflect.NativeConstructorAccessorImpl.newInstance0(Native Method)
	at sun.reflect.NativeConstructorAccessorImpl.newInstance(NativeConstructorAccessorImpl.java:57)
	at sun.reflect.DelegatingConstructorAccessorImpl.newInstance(DelegatingConstructorAccessorImpl.java:45)
	at java.lang.reflect.Constructor.newInstance(Constructor.java:526)
	at com.mysql.jdbc.Util.handleNewInstance(Util.java:409)
	at com.mysql.jdbc.ConnectionImpl.getInstance(ConnectionImpl.java:417)
	at com.mysql.jdbc.NonRegisteringDriver.connect(NonRegisteringDriver.java:344)
	at java.sql.DriverManager.getConnection(DriverManager.java:571)
	at java.sql.DriverManager.getConnection(DriverManager.java:187)
	at org.logicalcobwebs.proxool.DefaultConnectionBuilder.buildConnection(DefaultConnectionBuilder.java:39)
	at org.logicalcobwebs.proxool.Prototyper.buildConnection(Prototyper.java:159)
	at org.logicalcobwebs.proxool.ConnectionPool.getConnection(ConnectionPool.java:211)
	at org.logicalcobwebs.proxool.ProxoolDriver.connect(ProxoolDriver.java:89)
	at java.sql.DriverManager.getConnection(DriverManager.java:571)
	at java.sql.DriverManager.getConnection(DriverManager.java:187)
	at org.jivesoftware.database.DefaultConnectionProvider.getConnection(DefaultConnectionProvider.java:86)
	at org.jivesoftware.database.DbConnectionManager.getConnection(DbConnectionManager.java:124)
	at org.jivesoftware.openfire.admin.setup.setup_002ddatasource_002dstandard_jsp.testConnection(setup_002ddatasource_002dstandard_jsp.java:35)
	at org.jivesoftware.openfire.admin.setup.setup_002ddatasource_002dstandard_jsp._jspService(setup_002ddatasource_002dstandard_jsp.java:207)
	at org.apache.jasper.runtime.HttpJspBase.service(HttpJspBase.java:97)
	at javax.servlet.http.HttpServlet.service(HttpServlet.java:820)
	at org.eclipse.jetty.servlet.ServletHolder.handle(ServletHolder.java:547)
	at org.eclipse.jetty.servlet.ServletHandler$CachedChain.doFilter(ServletHandler.java:1359)
	at com.opensymphony.module.sitemesh.filter.PageFilter.parsePage(PageFilter.java:118)
	at com.opensymphony.module.sitemesh.filter.PageFilter.doFilter(PageFilter.java:52)
	at org.eclipse.jetty.servlet.ServletHandler$CachedChain.doFilter(ServletHandler.java:1330)
	at org.jivesoftware.util.LocaleFilter.doFilter(LocaleFilter.java:74)
	at org.eclipse.jetty.servlet.ServletHandler$CachedChain.doFilter(ServletHandler.java:1330)
	at org.jivesoftware.util.SetCharacterEncodingFilter.doFilter(SetCharacterEncodingFilter.java:50)
	at org.eclipse.jetty.servlet.ServletHandler$CachedChain.doFilter(ServletHandler.java:1330)
	at org.jivesoftware.admin.PluginFilter.doFilter(PluginFilter.java:78)
	at org.eclipse.jetty.servlet.ServletHandler$CachedChain.doFilter(ServletHandler.java:1330)
	at org.jivesoftware.admin.AuthCheckFilter.doFilter(AuthCheckFilter.java:164)
	at org.eclipse.jetty.servlet.ServletHandler$CachedChain.doFilter(ServletHandler.java:1330)
	at org.eclipse.jetty.servlet.ServletHandler.doHandle(ServletHandler.java:478)
	at org.eclipse.jetty.server.handler.ScopedHandler.handle(ScopedHandler.java:119)
	at org.eclipse.jetty.security.SecurityHandler.handle(SecurityHandler.java:520)
	at org.eclipse.jetty.server.session.SessionHandler.doHandle(SessionHandler.java:227)
	at org.eclipse.jetty.server.handler.ContextHandler.doHandle(ContextHandler.java:941)
	at org.eclipse.jetty.servlet.ServletHandler.doScope(ServletHandler.java:409)
	at org.eclipse.jetty.server.session.SessionHandler.doScope(SessionHandler.java:186)
	at org.eclipse.jetty.server.handler.ContextHandler.doScope(ContextHandler.java:875)
	at org.eclipse.jetty.server.handler.ScopedHandler.handle(ScopedHandler.java:117)
	at org.eclipse.jetty.server.handler.ContextHandlerCollection.handle(ContextHandlerCollection.java:250)
	at org.eclipse.jetty.server.handler.HandlerCollection.handle(HandlerCollection.java:149)
	at org.eclipse.jetty.server.handler.HandlerWrapper.handle(HandlerWrapper.java:110)
	at org.eclipse.jetty.server.Server.handle(Server.java:349)
	at org.eclipse.jetty.server.HttpConnection.handleRequest(HttpConnection.java:441)
	at org.eclipse.jetty.server.HttpConnection$RequestHandler.content(HttpConnection.java:936)
	at org.eclipse.jetty.http.HttpParser.parseNext(HttpParser.java:801)
	at org.eclipse.jetty.http.HttpParser.parseAvailable(HttpParser.java:224)
	at org.eclipse.jetty.server.AsyncHttpConnection.handle(AsyncHttpConnection.java:51)
	at org.eclipse.jetty.io.nio.SelectChannelEndPoint.handle(SelectChannelEndPoint.java:586)
	at org.eclipse.jetty.io.nio.SelectChannelEndPoint$1.run(SelectChannelEndPoint.java:44)
	at org.eclipse.jetty.util.thread.QueuedThreadPool.runJob(QueuedThreadPool.java:598)
	at org.eclipse.jetty.util.thread.QueuedThreadPool$3.run(QueuedThreadPool.java:533)
	at java.lang.Thread.run(Thread.java:744)
Caused by: java.net.UnknownHostException: [host-name]
	at java.net.InetAddress.getAllByName(InetAddress.java:1160)
	at java.net.InetAddress.getAllByName(InetAddress.java:1098)
	at com.mysql.jdbc.StandardSocketFactory.connect(StandardSocketFactory.java:250)
	at com.mysql.jdbc.MysqlIO.<init>(MysqlIO.java:306)
	... 62 more
2014.06.13 00:14:52 org.jivesoftware.database.DbConnectionManager - Unable to get a connection from the database pool (attempt 9 out of 10).
com.mysql.jdbc.exceptions.jdbc4.CommunicationsException: Communications link failure

The last packet sent successfully to the server was 0 milliseconds ago. The driver has not received any packets from the server.
	at sun.reflect.NativeConstructorAccessorImpl.newInstance0(Native Method)
	at sun.reflect.NativeConstructorAccessorImpl.newInstance(NativeConstructorAccessorImpl.java:57)
	at sun.reflect.DelegatingConstructorAccessorImpl.newInstance(DelegatingConstructorAccessorImpl.java:45)
	at java.lang.reflect.Constructor.newInstance(Constructor.java:526)
	at com.mysql.jdbc.Util.handleNewInstance(Util.java:409)
	at com.mysql.jdbc.SQLError.createCommunicationsException(SQLError.java:1127)
	at com.mysql.jdbc.MysqlIO.<init>(MysqlIO.java:356)
	at com.mysql.jdbc.ConnectionImpl.coreConnect(ConnectionImpl.java:2502)
	at com.mysql.jdbc.ConnectionImpl.connectOneTryOnly(ConnectionImpl.java:2539)
	at com.mysql.jdbc.ConnectionImpl.createNewIO(ConnectionImpl.java:2321)
	at com.mysql.jdbc.ConnectionImpl.<init>(ConnectionImpl.java:832)
	at com.mysql.jdbc.JDBC4Connection.<init>(JDBC4Connection.java:46)
	at sun.reflect.NativeConstructorAccessorImpl.newInstance0(Native Method)
	at sun.reflect.NativeConstructorAccessorImpl.newInstance(NativeConstructorAccessorImpl.java:57)
	at sun.reflect.DelegatingConstructorAccessorImpl.newInstance(DelegatingConstructorAccessorImpl.java:45)
	at java.lang.reflect.Constructor.newInstance(Constructor.java:526)
	at com.mysql.jdbc.Util.handleNewInstance(Util.java:409)
	at com.mysql.jdbc.ConnectionImpl.getInstance(ConnectionImpl.java:417)
	at com.mysql.jdbc.NonRegisteringDriver.connect(NonRegisteringDriver.java:344)
	at java.sql.DriverManager.getConnection(DriverManager.java:571)
	at java.sql.DriverManager.getConnection(DriverManager.java:187)
	at org.logicalcobwebs.proxool.DefaultConnectionBuilder.buildConnection(DefaultConnectionBuilder.java:39)
	at org.logicalcobwebs.proxool.Prototyper.buildConnection(Prototyper.java:159)
	at org.logicalcobwebs.proxool.ConnectionPool.getConnection(ConnectionPool.java:211)
	at org.logicalcobwebs.proxool.ProxoolDriver.connect(ProxoolDriver.java:89)
	at java.sql.DriverManager.getConnection(DriverManager.java:571)
	at java.sql.DriverManager.getConnection(DriverManager.java:187)
	at org.jivesoftware.database.DefaultConnectionProvider.getConnection(DefaultConnectionProvider.java:86)
	at org.jivesoftware.database.DbConnectionManager.getConnection(DbConnectionManager.java:124)
	at org.jivesoftware.openfire.admin.setup.setup_002ddatasource_002dstandard_jsp.testConnection(setup_002ddatasource_002dstandard_jsp.java:35)
	at org.jivesoftware.openfire.admin.setup.setup_002ddatasource_002dstandard_jsp._jspService(setup_002ddatasource_002dstandard_jsp.java:207)
	at org.apache.jasper.runtime.HttpJspBase.service(HttpJspBase.java:97)
	at javax.servlet.http.HttpServlet.service(HttpServlet.java:820)
	at org.eclipse.jetty.servlet.ServletHolder.handle(ServletHolder.java:547)
	at org.eclipse.jetty.servlet.ServletHandler$CachedChain.doFilter(ServletHandler.java:1359)
	at com.opensymphony.module.sitemesh.filter.PageFilter.parsePage(PageFilter.java:118)
	at com.opensymphony.module.sitemesh.filter.PageFilter.doFilter(PageFilter.java:52)
	at org.eclipse.jetty.servlet.ServletHandler$CachedChain.doFilter(ServletHandler.java:1330)
	at org.jivesoftware.util.LocaleFilter.doFilter(LocaleFilter.java:74)
	at org.eclipse.jetty.servlet.ServletHandler$CachedChain.doFilter(ServletHandler.java:1330)
	at org.jivesoftware.util.SetCharacterEncodingFilter.doFilter(SetCharacterEncodingFilter.java:50)
	at org.eclipse.jetty.servlet.ServletHandler$CachedChain.doFilter(ServletHandler.java:1330)
	at org.jivesoftware.admin.PluginFilter.doFilter(PluginFilter.java:78)
	at org.eclipse.jetty.servlet.ServletHandler$CachedChain.doFilter(ServletHandler.java:1330)
	at org.jivesoftware.admin.AuthCheckFilter.doFilter(AuthCheckFilter.java:164)
	at org.eclipse.jetty.servlet.ServletHandler$CachedChain.doFilter(ServletHandler.java:1330)
	at org.eclipse.jetty.servlet.ServletHandler.doHandle(ServletHandler.java:478)
	at org.eclipse.jetty.server.handler.ScopedHandler.handle(ScopedHandler.java:119)
	at org.eclipse.jetty.security.SecurityHandler.handle(SecurityHandler.java:520)
	at org.eclipse.jetty.server.session.SessionHandler.doHandle(SessionHandler.java:227)
	at org.eclipse.jetty.server.handler.ContextHandler.doHandle(ContextHandler.java:941)
	at org.eclipse.jetty.servlet.ServletHandler.doScope(ServletHandler.java:409)
	at org.eclipse.jetty.server.session.SessionHandler.doScope(SessionHandler.java:186)
	at org.eclipse.jetty.server.handler.ContextHandler.doScope(ContextHandler.java:875)
	at org.eclipse.jetty.server.handler.ScopedHandler.handle(ScopedHandler.java:117)
	at org.eclipse.jetty.server.handler.ContextHandlerCollection.handle(ContextHandlerCollection.java:250)
	at org.eclipse.jetty.server.handler.HandlerCollection.handle(HandlerCollection.java:149)
	at org.eclipse.jetty.server.handler.HandlerWrapper.handle(HandlerWrapper.java:110)
	at org.eclipse.jetty.server.Server.handle(Server.java:349)
	at org.eclipse.jetty.server.HttpConnection.handleRequest(HttpConnection.java:441)
	at org.eclipse.jetty.server.HttpConnection$RequestHandler.content(HttpConnection.java:936)
	at org.eclipse.jetty.http.HttpParser.parseNext(HttpParser.java:801)
	at org.eclipse.jetty.http.HttpParser.parseAvailable(HttpParser.java:224)
	at org.eclipse.jetty.server.AsyncHttpConnection.handle(AsyncHttpConnection.java:51)
	at org.eclipse.jetty.io.nio.SelectChannelEndPoint.handle(SelectChannelEndPoint.java:586)
	at org.eclipse.jetty.io.nio.SelectChannelEndPoint$1.run(SelectChannelEndPoint.java:44)
	at org.eclipse.jetty.util.thread.QueuedThreadPool.runJob(QueuedThreadPool.java:598)
	at org.eclipse.jetty.util.thread.QueuedThreadPool$3.run(QueuedThreadPool.java:533)
	at java.lang.Thread.run(Thread.java:744)
Caused by: java.net.UnknownHostException: [host-name]
	at java.net.InetAddress.getAllByName(InetAddress.java:1160)
	at java.net.InetAddress.getAllByName(InetAddress.java:1098)
	at com.mysql.jdbc.StandardSocketFactory.connect(StandardSocketFactory.java:250)
	at com.mysql.jdbc.MysqlIO.<init>(MysqlIO.java:306)
	... 62 more
2014.06.13 00:14:52 org.jivesoftware.database.DbConnectionManager - Unable to get a connection from the database pool (attempt 10 out of 10).
com.mysql.jdbc.exceptions.jdbc4.CommunicationsException: Communications link failure

The last packet sent successfully to the server was 0 milliseconds ago. The driver has not received any packets from the server.
	at sun.reflect.NativeConstructorAccessorImpl.newInstance0(Native Method)
	at sun.reflect.NativeConstructorAccessorImpl.newInstance(NativeConstructorAccessorImpl.java:57)
	at sun.reflect.DelegatingConstructorAccessorImpl.newInstance(DelegatingConstructorAccessorImpl.java:45)
	at java.lang.reflect.Constructor.newInstance(Constructor.java:526)
	at com.mysql.jdbc.Util.handleNewInstance(Util.java:409)
	at com.mysql.jdbc.SQLError.createCommunicationsException(SQLError.java:1127)
	at com.mysql.jdbc.MysqlIO.<init>(MysqlIO.java:356)
	at com.mysql.jdbc.ConnectionImpl.coreConnect(ConnectionImpl.java:2502)
	at com.mysql.jdbc.ConnectionImpl.connectOneTryOnly(ConnectionImpl.java:2539)
	at com.mysql.jdbc.ConnectionImpl.createNewIO(ConnectionImpl.java:2321)
	at com.mysql.jdbc.ConnectionImpl.<init>(ConnectionImpl.java:832)
	at com.mysql.jdbc.JDBC4Connection.<init>(JDBC4Connection.java:46)
	at sun.reflect.NativeConstructorAccessorImpl.newInstance0(Native Method)
	at sun.reflect.NativeConstructorAccessorImpl.newInstance(NativeConstructorAccessorImpl.java:57)
	at sun.reflect.DelegatingConstructorAccessorImpl.newInstance(DelegatingConstructorAccessorImpl.java:45)
	at java.lang.reflect.Constructor.newInstance(Constructor.java:526)
	at com.mysql.jdbc.Util.handleNewInstance(Util.java:409)
	at com.mysql.jdbc.ConnectionImpl.getInstance(ConnectionImpl.java:417)
	at com.mysql.jdbc.NonRegisteringDriver.connect(NonRegisteringDriver.java:344)
	at java.sql.DriverManager.getConnection(DriverManager.java:571)
	at java.sql.DriverManager.getConnection(DriverManager.java:187)
	at org.logicalcobwebs.proxool.DefaultConnectionBuilder.buildConnection(DefaultConnectionBuilder.java:39)
	at org.logicalcobwebs.proxool.Prototyper.buildConnection(Prototyper.java:159)
	at org.logicalcobwebs.proxool.ConnectionPool.getConnection(ConnectionPool.java:211)
	at org.logicalcobwebs.proxool.ProxoolDriver.connect(ProxoolDriver.java:89)
	at java.sql.DriverManager.getConnection(DriverManager.java:571)
	at java.sql.DriverManager.getConnection(DriverManager.java:187)
	at org.jivesoftware.database.DefaultConnectionProvider.getConnection(DefaultConnectionProvider.java:86)
	at org.jivesoftware.database.DbConnectionManager.getConnection(DbConnectionManager.java:124)
	at org.jivesoftware.openfire.admin.setup.setup_002ddatasource_002dstandard_jsp.testConnection(setup_002ddatasource_002dstandard_jsp.java:35)
	at org.jivesoftware.openfire.admin.setup.setup_002ddatasource_002dstandard_jsp._jspService(setup_002ddatasource_002dstandard_jsp.java:207)
	at org.apache.jasper.runtime.HttpJspBase.service(HttpJspBase.java:97)
	at javax.servlet.http.HttpServlet.service(HttpServlet.java:820)
	at org.eclipse.jetty.servlet.ServletHolder.handle(ServletHolder.java:547)
	at org.eclipse.jetty.servlet.ServletHandler$CachedChain.doFilter(ServletHandler.java:1359)
	at com.opensymphony.module.sitemesh.filter.PageFilter.parsePage(PageFilter.java:118)
	at com.opensymphony.module.sitemesh.filter.PageFilter.doFilter(PageFilter.java:52)
	at org.eclipse.jetty.servlet.ServletHandler$CachedChain.doFilter(ServletHandler.java:1330)
	at org.jivesoftware.util.LocaleFilter.doFilter(LocaleFilter.java:74)
	at org.eclipse.jetty.servlet.ServletHandler$CachedChain.doFilter(ServletHandler.java:1330)
	at org.jivesoftware.util.SetCharacterEncodingFilter.doFilter(SetCharacterEncodingFilter.java:50)
	at org.eclipse.jetty.servlet.ServletHandler$CachedChain.doFilter(ServletHandler.java:1330)
	at org.jivesoftware.admin.PluginFilter.doFilter(PluginFilter.java:78)
	at org.eclipse.jetty.servlet.ServletHandler$CachedChain.doFilter(ServletHandler.java:1330)
	at org.jivesoftware.admin.AuthCheckFilter.doFilter(AuthCheckFilter.java:164)
	at org.eclipse.jetty.servlet.ServletHandler$CachedChain.doFilter(ServletHandler.java:1330)
	at org.eclipse.jetty.servlet.ServletHandler.doHandle(ServletHandler.java:478)
	at org.eclipse.jetty.server.handler.ScopedHandler.handle(ScopedHandler.java:119)
	at org.eclipse.jetty.security.SecurityHandler.handle(SecurityHandler.java:520)
	at org.eclipse.jetty.server.session.SessionHandler.doHandle(SessionHandler.java:227)
	at org.eclipse.jetty.server.handler.ContextHandler.doHandle(ContextHandler.java:941)
	at org.eclipse.jetty.servlet.ServletHandler.doScope(ServletHandler.java:409)
	at org.eclipse.jetty.server.session.SessionHandler.doScope(SessionHandler.java:186)
	at org.eclipse.jetty.server.handler.ContextHandler.doScope(ContextHandler.java:875)
	at org.eclipse.jetty.server.handler.ScopedHandler.handle(ScopedHandler.java:117)
	at org.eclipse.jetty.server.handler.ContextHandlerCollection.handle(ContextHandlerCollection.java:250)
	at org.eclipse.jetty.server.handler.HandlerCollection.handle(HandlerCollection.java:149)
	at org.eclipse.jetty.server.handler.HandlerWrapper.handle(HandlerWrapper.java:110)
	at org.eclipse.jetty.server.Server.handle(Server.java:349)
	at org.eclipse.jetty.server.HttpConnection.handleRequest(HttpConnection.java:441)
	at org.eclipse.jetty.server.HttpConnection$RequestHandler.content(HttpConnection.java:936)
	at org.eclipse.jetty.http.HttpParser.parseNext(HttpParser.java:801)
	at org.eclipse.jetty.http.HttpParser.parseAvailable(HttpParser.java:224)
	at org.eclipse.jetty.server.AsyncHttpConnection.handle(AsyncHttpConnection.java:51)
	at org.eclipse.jetty.io.nio.SelectChannelEndPoint.handle(SelectChannelEndPoint.java:586)
	at org.eclipse.jetty.io.nio.SelectChannelEndPoint$1.run(SelectChannelEndPoint.java:44)
	at org.eclipse.jetty.util.thread.QueuedThreadPool.runJob(QueuedThreadPool.java:598)
	at org.eclipse.jetty.util.thread.QueuedThreadPool$3.run(QueuedThreadPool.java:533)
	at java.lang.Thread.run(Thread.java:744)
Caused by: java.net.UnknownHostException: [host-name]
	at java.net.InetAddress.getAllByName(InetAddress.java:1160)
	at java.net.InetAddress.getAllByName(InetAddress.java:1098)
	at com.mysql.jdbc.StandardSocketFactory.connect(StandardSocketFactory.java:250)
	at com.mysql.jdbc.MysqlIO.<init>(MysqlIO.java:306)
	... 62 more
2014.06.13 00:18:10 org.jivesoftware.util.cache.CacheFactory - Created cache [org.jivesoftware.util.cache.DefaultLocalCacheStrategy] for Routing Servers Cache
2014.06.13 00:18:10 org.jivesoftware.util.cache.CacheFactory - Created cache [org.jivesoftware.util.cache.DefaultLocalCacheStrategy] for Routing Components Cache
2014.06.13 00:18:10 org.jivesoftware.util.cache.CacheFactory - Created cache [org.jivesoftware.util.cache.DefaultLocalCacheStrategy] for Routing Users Cache
2014.06.13 00:18:10 org.jivesoftware.util.cache.CacheFactory - Created cache [org.jivesoftware.util.cache.DefaultLocalCacheStrategy] for Routing AnonymousUsers Cache
2014.06.13 00:18:10 org.jivesoftware.util.cache.CacheFactory - Created cache [org.jivesoftware.util.cache.DefaultLocalCacheStrategy] for Routing User Sessions
2014.06.13 00:18:10 org.jivesoftware.util.cache.CacheFactory - Created cache [org.jivesoftware.util.cache.DefaultLocalCacheStrategy] for Roster
2014.06.13 00:18:11 org.jivesoftware.util.cache.CacheFactory - Created cache [org.jivesoftware.util.cache.DefaultLocalCacheStrategy] for Multicast Service
2014.06.13 00:18:11 org.jivesoftware.util.cache.CacheFactory - Created cache [org.jivesoftware.util.cache.DefaultLocalCacheStrategy] for Offline Message Size
2014.06.13 00:18:11 org.jivesoftware.util.cache.CacheFactory - Created cache [org.jivesoftware.util.cache.DefaultLocalCacheStrategy] for VCard
2014.06.13 00:18:11 org.jivesoftware.util.cache.CacheFactory - Created cache [org.jivesoftware.util.cache.DefaultLocalCacheStrategy] for Privacy Lists
2014.06.13 00:18:11 org.jivesoftware.util.cache.CacheFactory - Created cache [org.jivesoftware.util.cache.DefaultLocalCacheStrategy] for File Transfer Cache
2014.06.13 00:18:11 org.jivesoftware.util.cache.CacheFactory - Created cache [org.jivesoftware.util.cache.DefaultLocalCacheStrategy] for Clearspace SSO Nonce
2014.06.13 00:18:11 org.jivesoftware.util.cache.CacheFactory - Created cache [org.jivesoftware.util.cache.DefaultLocalCacheStrategy] for Offline Presence Cache
2014.06.13 00:18:11 org.jivesoftware.util.cache.CacheFactory - Created cache [org.jivesoftware.util.cache.DefaultLocalCacheStrategy] for Last Activity Cache
2014.06.13 00:18:11 org.jivesoftware.util.cache.CacheFactory - Created cache [org.jivesoftware.util.cache.DefaultLocalCacheStrategy] for Components Sessions
2014.06.13 00:18:11 org.jivesoftware.util.cache.CacheFactory - Created cache [org.jivesoftware.util.cache.DefaultLocalCacheStrategy] for Connection Managers Sessions
2014.06.13 00:18:11 org.jivesoftware.util.cache.CacheFactory - Created cache [org.jivesoftware.util.cache.DefaultLocalCacheStrategy] for Incoming Server Sessions
2014.06.13 00:18:11 org.jivesoftware.util.cache.CacheFactory - Created cache [org.jivesoftware.util.cache.DefaultLocalCacheStrategy] for Sessions by Hostname
2014.06.13 00:18:11 org.jivesoftware.util.cache.CacheFactory - Created cache [org.jivesoftware.util.cache.DefaultLocalCacheStrategy] for Validated Domains
2014.06.13 00:18:11 org.jivesoftware.util.cache.CacheFactory - Created cache [org.jivesoftware.util.cache.DefaultLocalCacheStrategy] for Client Session Info Cache
2014.06.13 00:18:11 org.jivesoftware.util.cache.CacheFactory - Created local-only cache [org.jivesoftware.util.cache.DefaultLocalCacheStrategy] for Entity Capabilities
2014.06.13 00:18:11 org.jivesoftware.util.cache.CacheFactory - Created local-only cache [org.jivesoftware.util.cache.DefaultLocalCacheStrategy] for Entity Capabilities Users
2014.06.13 00:18:11 org.jivesoftware.util.cache.CacheFactory - Created cache [org.jivesoftware.util.cache.DefaultLocalCacheStrategy] for Directed Presences
2014.06.13 00:18:11 org.jivesoftware.util.cache.CacheFactory - Created local-only cache [org.jivesoftware.util.cache.DefaultLocalCacheStrategy] for PEPServiceManager
2014.06.13 00:18:11 org.jivesoftware.util.cache.CacheFactory - Created cache [org.jivesoftware.util.cache.DefaultLocalCacheStrategy] for File Transfer
2014.06.13 00:18:11 org.jivesoftware.util.cache.CacheFactory - Created cache [org.jivesoftware.util.cache.DefaultLocalCacheStrategy] for Published Items
2014.06.13 00:18:11 org.jivesoftware.util.cache.CacheFactory - Created cache [org.jivesoftware.util.cache.DefaultLocalCacheStrategy] for Disco Server Features
2014.06.13 00:18:11 org.jivesoftware.util.cache.CacheFactory - Created cache [org.jivesoftware.util.cache.DefaultLocalCacheStrategy] for Disco Server Items
2014.06.13 00:18:11 org.jivesoftware.openfire.pubsub.PubSubModule - Publish-Subscribe domain: pubsub.xxlargebalancer-442296303.us-west-2.elb.amazonaws.com
2014.06.13 00:18:11 org.jivesoftware.openfire.muc.spi.MultiUserChatServiceImpl - Multi User Chat domain: conference.xxlargebalancer-442296303.us-west-2.elb.amazonaws.com
2014.06.13 00:18:21 org.jivesoftware.openfire.spi.ConnectionManagerImpl - Started server (unencrypted) socket on port: 5269
2014.06.13 00:18:21 org.jivesoftware.openfire.spi.ConnectionManagerImpl - Started plain (unencrypted) socket on port: 5222
2014.06.13 00:18:21 org.jivesoftware.openfire.spi.ConnectionManagerImpl - Started SSL (encrypted) socket on port: 5223
2014.06.13 00:18:57 org.jivesoftware.util.cache.CacheFactory - Created cache [org.jivesoftware.util.cache.DefaultLocalCacheStrategy] for Locked Out Accounts
2014.06.13 00:20:12 org.jivesoftware.openfire.XMPPServer - Shutting down 51 modules ...
2014.06.13 00:20:12 org.jivesoftware.openfire.pubsub.PubSubPersistenceManager - Flushing write cache to database
2014.06.13 00:20:12 org.jivesoftware.openfire.XMPPServer - Shutting down plugins ...
2014.06.13 00:20:12 org.jivesoftware.openfire.XMPPServer - Openfire stopped
2014.06.13 00:20:12 org.jivesoftware.openfire.XMPPServer - Server halted
2014.06.13 00:39:49 org.jivesoftware.openfire.XMPPServer - Registering shutdown hook (standalone mode)
2014.06.13 00:39:50 org.jivesoftware.util.cache.CacheFactory - Created cache [org.jivesoftware.util.cache.DefaultLocalCacheStrategy] for Routing Servers Cache
2014.06.13 00:39:50 org.jivesoftware.util.cache.CacheFactory - Created cache [org.jivesoftware.util.cache.DefaultLocalCacheStrategy] for Routing Components Cache
2014.06.13 00:39:50 org.jivesoftware.util.cache.CacheFactory - Created cache [org.jivesoftware.util.cache.DefaultLocalCacheStrategy] for Routing Users Cache
2014.06.13 00:39:50 org.jivesoftware.util.cache.CacheFactory - Created cache [org.jivesoftware.util.cache.DefaultLocalCacheStrategy] for Routing AnonymousUsers Cache
2014.06.13 00:39:50 org.jivesoftware.util.cache.CacheFactory - Created cache [org.jivesoftware.util.cache.DefaultLocalCacheStrategy] for Routing User Sessions
2014.06.13 00:39:50 org.jivesoftware.util.cache.CacheFactory - Created cache [org.jivesoftware.util.cache.DefaultLocalCacheStrategy] for Roster
2014.06.13 00:39:50 org.jivesoftware.util.cache.CacheFactory - Created cache [org.jivesoftware.util.cache.DefaultLocalCacheStrategy] for Multicast Service
2014.06.13 00:39:50 org.jivesoftware.util.cache.CacheFactory - Created cache [org.jivesoftware.util.cache.DefaultLocalCacheStrategy] for Offline Message Size
2014.06.13 00:39:50 org.jivesoftware.util.cache.CacheFactory - Created cache [org.jivesoftware.util.cache.DefaultLocalCacheStrategy] for VCard
2014.06.13 00:39:50 org.jivesoftware.util.cache.CacheFactory - Created cache [org.jivesoftware.util.cache.DefaultLocalCacheStrategy] for Privacy Lists
2014.06.13 00:39:50 org.jivesoftware.util.cache.CacheFactory - Created cache [org.jivesoftware.util.cache.DefaultLocalCacheStrategy] for File Transfer Cache
2014.06.13 00:39:50 org.jivesoftware.util.cache.CacheFactory - Created cache [org.jivesoftware.util.cache.DefaultLocalCacheStrategy] for Clearspace SSO Nonce
2014.06.13 00:39:50 org.jivesoftware.util.cache.CacheFactory - Created cache [org.jivesoftware.util.cache.DefaultLocalCacheStrategy] for Offline Presence Cache
2014.06.13 00:39:50 org.jivesoftware.util.cache.CacheFactory - Created cache [org.jivesoftware.util.cache.DefaultLocalCacheStrategy] for Last Activity Cache
2014.06.13 00:39:50 org.jivesoftware.util.cache.CacheFactory - Created cache [org.jivesoftware.util.cache.DefaultLocalCacheStrategy] for User
2014.06.13 00:39:50 org.jivesoftware.util.cache.CacheFactory - Created cache [org.jivesoftware.util.cache.DefaultLocalCacheStrategy] for Remote Users Existence
2014.06.13 00:39:50 org.jivesoftware.util.cache.CacheFactory - Created cache [org.jivesoftware.util.cache.DefaultLocalCacheStrategy] for Components Sessions
2014.06.13 00:39:50 org.jivesoftware.util.cache.CacheFactory - Created cache [org.jivesoftware.util.cache.DefaultLocalCacheStrategy] for Connection Managers Sessions
2014.06.13 00:39:50 org.jivesoftware.util.cache.CacheFactory - Created cache [org.jivesoftware.util.cache.DefaultLocalCacheStrategy] for Incoming Server Sessions
2014.06.13 00:39:50 org.jivesoftware.util.cache.CacheFactory - Created cache [org.jivesoftware.util.cache.DefaultLocalCacheStrategy] for Sessions by Hostname
2014.06.13 00:39:50 org.jivesoftware.util.cache.CacheFactory - Created cache [org.jivesoftware.util.cache.DefaultLocalCacheStrategy] for Validated Domains
2014.06.13 00:39:50 org.jivesoftware.util.cache.CacheFactory - Created cache [org.jivesoftware.util.cache.DefaultLocalCacheStrategy] for Client Session Info Cache
2014.06.13 00:39:50 org.jivesoftware.util.cache.CacheFactory - Created local-only cache [org.jivesoftware.util.cache.DefaultLocalCacheStrategy] for Entity Capabilities
2014.06.13 00:39:50 org.jivesoftware.util.cache.CacheFactory - Created local-only cache [org.jivesoftware.util.cache.DefaultLocalCacheStrategy] for Entity Capabilities Users
2014.06.13 00:39:50 org.jivesoftware.util.cache.CacheFactory - Created cache [org.jivesoftware.util.cache.DefaultLocalCacheStrategy] for Directed Presences
2014.06.13 00:39:50 org.jivesoftware.util.cache.CacheFactory - Created local-only cache [org.jivesoftware.util.cache.DefaultLocalCacheStrategy] for PEPServiceManager
2014.06.13 00:39:50 org.jivesoftware.util.cache.CacheFactory - Created cache [org.jivesoftware.util.cache.DefaultLocalCacheStrategy] for File Transfer
2014.06.13 00:39:50 org.jivesoftware.util.cache.CacheFactory - Created cache [org.jivesoftware.util.cache.DefaultLocalCacheStrategy] for Published Items
2014.06.13 00:39:50 org.jivesoftware.util.cache.CacheFactory - Created cache [org.jivesoftware.util.cache.DefaultLocalCacheStrategy] for Disco Server Features
2014.06.13 00:39:50 org.jivesoftware.util.cache.CacheFactory - Created cache [org.jivesoftware.util.cache.DefaultLocalCacheStrategy] for Disco Server Items
2014.06.13 00:39:51 org.jivesoftware.openfire.pubsub.PubSubModule - Publish-Subscribe domain: pubsub.xxlargebalancer-442296303.us-west-2.elb.amazonaws.com
2014.06.13 00:39:51 org.jivesoftware.openfire.muc.spi.MultiUserChatServiceImpl - Multi User Chat domain: conference.xxlargebalancer-442296303.us-west-2.elb.amazonaws.com
2014.06.13 00:39:51 org.jivesoftware.openfire.XMPPServer - Openfire 3.9.3 [Jun 13, 2014 12:39:51 AM]
2014.06.13 00:39:53 org.jivesoftware.util.cache.CacheFactory - Created cache [org.jivesoftware.util.cache.DefaultLocalCacheStrategy] for Favicon Misses
2014.06.13 00:39:53 org.jivesoftware.util.cache.CacheFactory - Created cache [org.jivesoftware.util.cache.DefaultLocalCacheStrategy] for Favicon Hits
2014.06.13 00:39:53 org.jivesoftware.openfire.container.AdminConsolePlugin - Admin console listening at:
  http://xxlargebalancer-442296303.us-west-2.elb.amazonaws.com:9090
  https://xxlargebalancer-442296303.us-west-2.elb.amazonaws.com:9091
2014.06.13 00:39:53 org.jivesoftware.openfire.spi.ConnectionManagerImpl - Started server (unencrypted) socket on port: 5269
2014.06.13 00:39:53 org.jivesoftware.openfire.spi.ConnectionManagerImpl - Started plain (unencrypted) socket on port: 5222
2014.06.13 00:39:53 org.jivesoftware.openfire.spi.ConnectionManagerImpl - Started SSL (encrypted) socket on port: 5223
2014.06.13 00:40:31 org.jivesoftware.openfire.XMPPServer - Shutting down 51 modules ...
2014.06.13 00:40:31 org.jivesoftware.openfire.pubsub.PubSubPersistenceManager - Flushing write cache to database
2014.06.13 00:40:31 org.jivesoftware.openfire.XMPPServer - Shutting down plugins ...
2014.06.13 00:40:31 org.jivesoftware.openfire.XMPPServer - Openfire stopped
2014.06.13 00:40:31 org.jivesoftware.openfire.XMPPServer - Server halted
